{"/mnt/a/workspace/workspace-2021-2022/ideas/learnwithme.com/api/app_api/test/test-memberApi.js":{"path":"/mnt/a/workspace/workspace-2021-2022/ideas/learnwithme.com/api/app_api/test/test-memberApi.js","statementMap":{"0":{"start":{"line":2,"column":0},"end":{"line":2,"column":30}},"1":{"start":{"line":7,"column":23},"end":{"line":7,"column":39}},"2":{"start":{"line":8,"column":13},"end":{"line":8,"column":28}},"3":{"start":{"line":9,"column":17},"end":{"line":9,"column":37}},"4":{"start":{"line":10,"column":15},"end":{"line":10,"column":35}},"5":{"start":{"line":12,"column":0},"end":{"line":12,"column":14}},"6":{"start":{"line":15,"column":0},"end":{"line":15,"column":19}},"7":{"start":{"line":18,"column":0},"end":{"line":34,"column":3}},"8":{"start":{"line":22,"column":2},"end":{"line":33,"column":5}},"9":{"start":{"line":23,"column":4},"end":{"line":32,"column":7}},"10":{"start":{"line":24,"column":6},"end":{"line":31,"column":13}},"11":{"start":{"line":27,"column":12},"end":{"line":27,"column":40}},"12":{"start":{"line":30,"column":12},"end":{"line":30,"column":19}}},"fnMap":{"0":{"name":"(anonymous_0)","decl":{"start":{"line":18,"column":20},"end":{"line":18,"column":21}},"loc":{"start":{"line":18,"column":26},"end":{"line":34,"column":1}},"line":18},"1":{"name":"(anonymous_1)","decl":{"start":{"line":22,"column":26},"end":{"line":22,"column":27}},"loc":{"start":{"line":22,"column":32},"end":{"line":33,"column":3}},"line":22},"2":{"name":"(anonymous_2)","decl":{"start":{"line":23,"column":40},"end":{"line":23,"column":41}},"loc":{"start":{"line":23,"column":50},"end":{"line":32,"column":5}},"line":23},"3":{"name":"(anonymous_3)","decl":{"start":{"line":26,"column":15},"end":{"line":26,"column":16}},"loc":{"start":{"line":26,"column":29},"end":{"line":31,"column":11}},"line":26}},"branchMap":{},"s":{"0":1,"1":1,"2":1,"3":1,"4":1,"5":1,"6":1,"7":1,"8":1,"9":1,"10":1,"11":1,"12":1},"f":{"0":1,"1":1,"2":1,"3":1},"b":{},"_coverageSchema":"1a1c01bbd47fc00a2c39e90264f33305004495a9","hash":"9610b771943a5db4ff7e0c6ba91abc0c2da6d486","contentHash":"4f651ff5b5331d6d86b9e971143d2912cbbb8a500ef0c1dd66ce01dad5aeb499"},"/mnt/a/workspace/workspace-2021-2022/ideas/learnwithme.com/api/app.js":{"path":"/mnt/a/workspace/workspace-2021-2022/ideas/learnwithme.com/api/app.js","statementMap":{"0":{"start":{"line":2,"column":20},"end":{"line":2,"column":42}},"1":{"start":{"line":3,"column":16},"end":{"line":3,"column":34}},"2":{"start":{"line":4,"column":13},"end":{"line":4,"column":28}},"3":{"start":{"line":5,"column":21},"end":{"line":5,"column":45}},"4":{"start":{"line":6,"column":15},"end":{"line":6,"column":34}},"5":{"start":{"line":10,"column":15},"end":{"line":10,"column":40}},"6":{"start":{"line":12,"column":17},"end":{"line":12,"column":36}},"7":{"start":{"line":14,"column":0},"end":{"line":14,"column":31}},"8":{"start":{"line":16,"column":18},"end":{"line":16,"column":51}},"9":{"start":{"line":19,"column":22},"end":{"line":19,"column":48}},"10":{"start":{"line":22,"column":12},"end":{"line":22,"column":21}},"11":{"start":{"line":23,"column":15},"end":{"line":25,"column":2}},"12":{"start":{"line":24,"column":2},"end":{"line":24,"column":39}},"13":{"start":{"line":28,"column":15},"end":{"line":28,"column":50}},"14":{"start":{"line":30,"column":0},"end":{"line":33,"column":4}},"15":{"start":{"line":35,"column":0},"end":{"line":35,"column":18}},"16":{"start":{"line":38,"column":0},"end":{"line":38,"column":62}},"17":{"start":{"line":39,"column":0},"end":{"line":39,"column":31}},"18":{"start":{"line":42,"column":0},"end":{"line":42,"column":39}},"19":{"start":{"line":43,"column":0},"end":{"line":43,"column":84}},"20":{"start":{"line":44,"column":0},"end":{"line":44,"column":24}},"21":{"start":{"line":46,"column":0},"end":{"line":46,"column":56}},"22":{"start":{"line":47,"column":0},"end":{"line":47,"column":78}},"23":{"start":{"line":48,"column":0},"end":{"line":48,"column":75}},"24":{"start":{"line":49,"column":0},"end":{"line":49,"column":71}},"25":{"start":{"line":52,"column":0},"end":{"line":52,"column":27}},"26":{"start":{"line":55,"column":0},"end":{"line":57,"column":3}},"27":{"start":{"line":56,"column":2},"end":{"line":56,"column":25}},"28":{"start":{"line":60,"column":0},"end":{"line":68,"column":3}},"29":{"start":{"line":62,"column":2},"end":{"line":62,"column":35}},"30":{"start":{"line":63,"column":2},"end":{"line":63,"column":69}},"31":{"start":{"line":66,"column":2},"end":{"line":66,"column":32}},"32":{"start":{"line":67,"column":2},"end":{"line":67,"column":22}},"33":{"start":{"line":104,"column":17},"end":{"line":104,"column":36}},"34":{"start":{"line":105,"column":0},"end":{"line":113,"column":1}},"35":{"start":{"line":106,"column":13},"end":{"line":109,"column":4}},"36":{"start":{"line":110,"column":2},"end":{"line":112,"column":5}},"37":{"start":{"line":111,"column":4},"end":{"line":111,"column":27}},"38":{"start":{"line":115,"column":25},"end":{"line":126,"column":1}},"39":{"start":{"line":116,"column":2},"end":{"line":122,"column":5}},"40":{"start":{"line":117,"column":4},"end":{"line":117,"column":56}},"41":{"start":{"line":123,"column":2},"end":{"line":125,"column":5}},"42":{"start":{"line":124,"column":4},"end":{"line":124,"column":35}},"43":{"start":{"line":129,"column":0},"end":{"line":133,"column":3}},"44":{"start":{"line":130,"column":2},"end":{"line":132,"column":5}},"45":{"start":{"line":131,"column":4},"end":{"line":131,"column":41}},"46":{"start":{"line":134,"column":0},"end":{"line":138,"column":3}},"47":{"start":{"line":135,"column":2},"end":{"line":137,"column":5}},"48":{"start":{"line":136,"column":4},"end":{"line":136,"column":20}},"49":{"start":{"line":139,"column":0},"end":{"line":143,"column":3}},"50":{"start":{"line":140,"column":2},"end":{"line":142,"column":5}},"51":{"start":{"line":141,"column":4},"end":{"line":141,"column":20}},"52":{"start":{"line":147,"column":0},"end":{"line":147,"column":21}}},"fnMap":{"0":{"name":"(anonymous_0)","decl":{"start":{"line":23,"column":32},"end":{"line":23,"column":33}},"loc":{"start":{"line":23,"column":43},"end":{"line":25,"column":1}},"line":23},"1":{"name":"(anonymous_1)","decl":{"start":{"line":55,"column":8},"end":{"line":55,"column":9}},"loc":{"start":{"line":55,"column":33},"end":{"line":57,"column":1}},"line":55},"2":{"name":"(anonymous_2)","decl":{"start":{"line":60,"column":8},"end":{"line":60,"column":9}},"loc":{"start":{"line":60,"column":38},"end":{"line":68,"column":1}},"line":60},"3":{"name":"(anonymous_3)","decl":{"start":{"line":110,"column":18},"end":{"line":110,"column":19}},"loc":{"start":{"line":110,"column":29},"end":{"line":112,"column":3}},"line":110},"4":{"name":"(anonymous_4)","decl":{"start":{"line":115,"column":25},"end":{"line":115,"column":26}},"loc":{"start":{"line":115,"column":49},"end":{"line":126,"column":1}},"line":115},"5":{"name":"(anonymous_5)","decl":{"start":{"line":116,"column":28},"end":{"line":116,"column":29}},"loc":{"start":{"line":116,"column":39},"end":{"line":122,"column":3}},"line":116},"6":{"name":"(anonymous_6)","decl":{"start":{"line":123,"column":15},"end":{"line":123,"column":16}},"loc":{"start":{"line":123,"column":26},"end":{"line":125,"column":3}},"line":123},"7":{"name":"(anonymous_7)","decl":{"start":{"line":129,"column":24},"end":{"line":129,"column":25}},"loc":{"start":{"line":129,"column":35},"end":{"line":133,"column":1}},"line":129},"8":{"name":"(anonymous_8)","decl":{"start":{"line":130,"column":38},"end":{"line":130,"column":39}},"loc":{"start":{"line":130,"column":49},"end":{"line":132,"column":3}},"line":130},"9":{"name":"(anonymous_9)","decl":{"start":{"line":134,"column":21},"end":{"line":134,"column":22}},"loc":{"start":{"line":134,"column":32},"end":{"line":138,"column":1}},"line":134},"10":{"name":"(anonymous_10)","decl":{"start":{"line":135,"column":38},"end":{"line":135,"column":39}},"loc":{"start":{"line":135,"column":49},"end":{"line":137,"column":3}},"line":135},"11":{"name":"(anonymous_11)","decl":{"start":{"line":139,"column":22},"end":{"line":139,"column":23}},"loc":{"start":{"line":139,"column":33},"end":{"line":143,"column":1}},"line":139},"12":{"name":"(anonymous_12)","decl":{"start":{"line":140,"column":42},"end":{"line":140,"column":43}},"loc":{"start":{"line":140,"column":53},"end":{"line":142,"column":3}},"line":140}},"branchMap":{"0":{"loc":{"start":{"line":63,"column":21},"end":{"line":63,"column":68}},"type":"cond-expr","locations":[{"start":{"line":63,"column":60},"end":{"line":63,"column":63}},{"start":{"line":63,"column":66},"end":{"line":63,"column":68}}],"line":63},"1":{"loc":{"start":{"line":66,"column":13},"end":{"line":66,"column":30}},"type":"binary-expr","locations":[{"start":{"line":66,"column":13},"end":{"line":66,"column":23}},{"start":{"line":66,"column":27},"end":{"line":66,"column":30}}],"line":66},"2":{"loc":{"start":{"line":105,"column":0},"end":{"line":113,"column":1}},"type":"if","locations":[{"start":{"line":105,"column":0},"end":{"line":113,"column":1}},{"start":{"line":105,"column":0},"end":{"line":113,"column":1}}],"line":105}},"s":{"0":1,"1":1,"2":1,"3":1,"4":1,"5":1,"6":1,"7":1,"8":1,"9":1,"10":1,"11":1,"12":1,"13":1,"14":1,"15":1,"16":1,"17":1,"18":1,"19":1,"20":1,"21":1,"22":1,"23":1,"24":1,"25":1,"26":1,"27":0,"28":1,"29":0,"30":0,"31":0,"32":0,"33":1,"34":1,"35":0,"36":0,"37":0,"38":1,"39":2,"40":2,"41":2,"42":2,"43":1,"44":0,"45":0,"46":1,"47":2,"48":0,"49":1,"50":0,"51":0,"52":1},"f":{"0":1,"1":0,"2":0,"3":0,"4":2,"5":2,"6":2,"7":0,"8":0,"9":2,"10":0,"11":0,"12":0},"b":{"0":[0,0],"1":[0,0],"2":[0,1]},"_coverageSchema":"1a1c01bbd47fc00a2c39e90264f33305004495a9","hash":"79bc8362dadd7016ee532001fde12ef10d4fc1c0","contentHash":"c937f86c35145c08346da836cf82ffea8479dcb5e777f8c306f007b55541ba79"},"/mnt/a/workspace/workspace-2021-2022/ideas/learnwithme.com/api/logger.js":{"path":"/mnt/a/workspace/workspace-2021-2022/ideas/learnwithme.com/api/logger.js","statementMap":{"0":{"start":{"line":2,"column":16},"end":{"line":2,"column":34}},"1":{"start":{"line":4,"column":15},"end":{"line":20,"column":2}},"2":{"start":{"line":23,"column":0},"end":{"line":25,"column":2}},"3":{"start":{"line":27,"column":0},"end":{"line":31,"column":2}},"4":{"start":{"line":29,"column":4},"end":{"line":29,"column":22}},"5":{"start":{"line":37,"column":0},"end":{"line":41,"column":1}},"6":{"start":{"line":38,"column":2},"end":{"line":40,"column":6}},"7":{"start":{"line":43,"column":0},"end":{"line":43,"column":24}}},"fnMap":{"0":{"name":"(anonymous_0)","decl":{"start":{"line":28,"column":9},"end":{"line":28,"column":10}},"loc":{"start":{"line":28,"column":19},"end":{"line":30,"column":3}},"line":28}},"branchMap":{"0":{"loc":{"start":{"line":37,"column":0},"end":{"line":41,"column":1}},"type":"if","locations":[{"start":{"line":37,"column":0},"end":{"line":41,"column":1}},{"start":{"line":37,"column":0},"end":{"line":41,"column":1}}],"line":37}},"s":{"0":1,"1":1,"2":1,"3":1,"4":0,"5":1,"6":1,"7":1},"f":{"0":0},"b":{"0":[1,0]},"_coverageSchema":"1a1c01bbd47fc00a2c39e90264f33305004495a9","hash":"fc51102176d48f58378d5ee754462230267a053e","contentHash":"6874b769d392660a114ff81c28f2b0bd0bbdf228efc16af6602c698a9006fe15"},"/mnt/a/workspace/workspace-2021-2022/ideas/learnwithme.com/api/app_api/models/db.js":{"path":"/mnt/a/workspace/workspace-2021-2022/ideas/learnwithme.com/api/app_api/models/db.js","statementMap":{"0":{"start":{"line":1,"column":17},"end":{"line":1,"column":36}},"1":{"start":{"line":2,"column":17},"end":{"line":2,"column":36}},"2":{"start":{"line":3,"column":15},"end":{"line":3,"column":38}},"3":{"start":{"line":5,"column":0},"end":{"line":5,"column":19}},"4":{"start":{"line":6,"column":0},"end":{"line":6,"column":21}},"5":{"start":{"line":7,"column":0},"end":{"line":7,"column":19}},"6":{"start":{"line":9,"column":12},"end":{"line":9,"column":45}},"7":{"start":{"line":10,"column":0},"end":{"line":12,"column":1}},"8":{"start":{"line":11,"column":2},"end":{"line":11,"column":112}},"9":{"start":{"line":13,"column":0},"end":{"line":15,"column":1}},"10":{"start":{"line":14,"column":2},"end":{"line":14,"column":44}},"11":{"start":{"line":17,"column":0},"end":{"line":17,"column":75}},"12":{"start":{"line":20,"column":0},"end":{"line":28,"column":1}},"13":{"start":{"line":21,"column":13},"end":{"line":24,"column":4}},"14":{"start":{"line":25,"column":2},"end":{"line":27,"column":5}},"15":{"start":{"line":26,"column":4},"end":{"line":26,"column":27}},"16":{"start":{"line":31,"column":0},"end":{"line":33,"column":3}},"17":{"start":{"line":32,"column":2},"end":{"line":32,"column":48}},"18":{"start":{"line":34,"column":0},"end":{"line":36,"column":3}},"19":{"start":{"line":35,"column":2},"end":{"line":35,"column":52}},"20":{"start":{"line":37,"column":0},"end":{"line":39,"column":3}},"21":{"start":{"line":38,"column":2},"end":{"line":38,"column":39}}},"fnMap":{"0":{"name":"(anonymous_0)","decl":{"start":{"line":25,"column":18},"end":{"line":25,"column":19}},"loc":{"start":{"line":25,"column":29},"end":{"line":27,"column":3}},"line":25},"1":{"name":"(anonymous_1)","decl":{"start":{"line":31,"column":36},"end":{"line":31,"column":37}},"loc":{"start":{"line":31,"column":47},"end":{"line":33,"column":1}},"line":31},"2":{"name":"(anonymous_2)","decl":{"start":{"line":34,"column":32},"end":{"line":34,"column":33}},"loc":{"start":{"line":34,"column":46},"end":{"line":36,"column":1}},"line":34},"3":{"name":"(anonymous_3)","decl":{"start":{"line":37,"column":39},"end":{"line":37,"column":40}},"loc":{"start":{"line":37,"column":50},"end":{"line":39,"column":1}},"line":37}},"branchMap":{"0":{"loc":{"start":{"line":10,"column":0},"end":{"line":12,"column":1}},"type":"if","locations":[{"start":{"line":10,"column":0},"end":{"line":12,"column":1}},{"start":{"line":10,"column":0},"end":{"line":12,"column":1}}],"line":10},"1":{"loc":{"start":{"line":13,"column":0},"end":{"line":15,"column":1}},"type":"if","locations":[{"start":{"line":13,"column":0},"end":{"line":15,"column":1}},{"start":{"line":13,"column":0},"end":{"line":15,"column":1}}],"line":13},"2":{"loc":{"start":{"line":20,"column":0},"end":{"line":28,"column":1}},"type":"if","locations":[{"start":{"line":20,"column":0},"end":{"line":28,"column":1}},{"start":{"line":20,"column":0},"end":{"line":28,"column":1}}],"line":20}},"s":{"0":1,"1":1,"2":1,"3":1,"4":1,"5":1,"6":1,"7":1,"8":0,"9":1,"10":1,"11":1,"12":1,"13":0,"14":0,"15":0,"16":1,"17":1,"18":1,"19":0,"20":1,"21":1},"f":{"0":0,"1":1,"2":0,"3":1},"b":{"0":[0,1],"1":[1,0],"2":[0,1]},"_coverageSchema":"1a1c01bbd47fc00a2c39e90264f33305004495a9","hash":"11ff2dfbd41eb2757f9d6335480baf8e66d2740c","contentHash":"8f057c600d9a6fb798ac65d7dedf5eabf29b100925bc9bc2a2dc97f7469836e5"},"/mnt/a/workspace/workspace-2021-2022/ideas/learnwithme.com/api/app_api/models/posts.js":{"path":"/mnt/a/workspace/workspace-2021-2022/ideas/learnwithme.com/api/app_api/models/posts.js","statementMap":{"0":{"start":{"line":5,"column":17},"end":{"line":5,"column":36}},"1":{"start":{"line":7,"column":19},"end":{"line":11,"column":2}},"2":{"start":{"line":13,"column":21},"end":{"line":20,"column":2}},"3":{"start":{"line":22,"column":22},"end":{"line":28,"column":2}},"4":{"start":{"line":30,"column":19},"end":{"line":39,"column":2}},"5":{"start":{"line":41,"column":0},"end":{"line":41,"column":35}},"6":{"start":{"line":42,"column":0},"end":{"line":42,"column":41}},"7":{"start":{"line":43,"column":0},"end":{"line":43,"column":39}},"8":{"start":{"line":44,"column":0},"end":{"line":44,"column":35}}},"fnMap":{},"branchMap":{},"s":{"0":1,"1":1,"2":1,"3":1,"4":1,"5":1,"6":1,"7":1,"8":1},"f":{},"b":{},"_coverageSchema":"1a1c01bbd47fc00a2c39e90264f33305004495a9","hash":"a7ab0cce8e6694aa1008eede5f87207c099f8b94","contentHash":"6e3053ea46ea9010f521e4090e07e450dd24520b26990ba39c08be757c2c2ad4"},"/mnt/a/workspace/workspace-2021-2022/ideas/learnwithme.com/api/app_api/models/members.js":{"path":"/mnt/a/workspace/workspace-2021-2022/ideas/learnwithme.com/api/app_api/models/members.js","statementMap":{"0":{"start":{"line":1,"column":17},"end":{"line":1,"column":36}},"1":{"start":{"line":3,"column":21},"end":{"line":17,"column":2}},"2":{"start":{"line":19,"column":0},"end":{"line":19,"column":39}}},"fnMap":{},"branchMap":{},"s":{"0":1,"1":1,"2":1},"f":{},"b":{},"_coverageSchema":"1a1c01bbd47fc00a2c39e90264f33305004495a9","hash":"8311eb01c969ab8044fa859de7f38f9d4098133a","contentHash":"6c58ea18778e84153352007044de5ce166f0f156521a6cdf330dbfd9583e571c"},"/mnt/a/workspace/workspace-2021-2022/ideas/learnwithme.com/api/app_api/models/media.js":{"path":"/mnt/a/workspace/workspace-2021-2022/ideas/learnwithme.com/api/app_api/models/media.js","statementMap":{"0":{"start":{"line":1,"column":17},"end":{"line":1,"column":36}},"1":{"start":{"line":3,"column":25},"end":{"line":24,"column":2}},"2":{"start":{"line":26,"column":20},"end":{"line":51,"column":2}},"3":{"start":{"line":53,"column":0},"end":{"line":53,"column":37}},"4":{"start":{"line":54,"column":0},"end":{"line":54,"column":47}}},"fnMap":{},"branchMap":{},"s":{"0":1,"1":1,"2":1,"3":1,"4":1},"f":{},"b":{},"_coverageSchema":"1a1c01bbd47fc00a2c39e90264f33305004495a9","hash":"6e88b4865879f587a099bc10bd75fa968bcdc983","contentHash":"f10b0a507d05c8dfd90f22366e12de172753fb94754ba10a0941204f3ceedc34"},"/mnt/a/workspace/workspace-2021-2022/ideas/learnwithme.com/api/app_api/routes/index.js":{"path":"/mnt/a/workspace/workspace-2021-2022/ideas/learnwithme.com/api/app_api/routes/index.js","statementMap":{"0":{"start":{"line":1,"column":16},"end":{"line":1,"column":34}},"1":{"start":{"line":2,"column":15},"end":{"line":2,"column":31}},"2":{"start":{"line":3,"column":24},"end":{"line":3,"column":55}},"3":{"start":{"line":4,"column":26},"end":{"line":4,"column":59}},"4":{"start":{"line":5,"column":24},"end":{"line":5,"column":55}},"5":{"start":{"line":7,"column":17},"end":{"line":7,"column":36}},"6":{"start":{"line":8,"column":19},"end":{"line":8,"column":47}},"7":{"start":{"line":9,"column":15},"end":{"line":9,"column":32}},"8":{"start":{"line":10,"column":16},"end":{"line":10,"column":25}},"9":{"start":{"line":11,"column":16},"end":{"line":36,"column":2}},"10":{"start":{"line":13,"column":21},"end":{"line":13,"column":25}},"11":{"start":{"line":14,"column":4},"end":{"line":34,"column":5}},"12":{"start":{"line":15,"column":6},"end":{"line":31,"column":13}},"13":{"start":{"line":17,"column":12},"end":{"line":23,"column":13}},"14":{"start":{"line":18,"column":14},"end":{"line":18,"column":53}},"15":{"start":{"line":19,"column":14},"end":{"line":19,"column":21}},"16":{"start":{"line":20,"column":19},"end":{"line":23,"column":13}},"17":{"start":{"line":21,"column":14},"end":{"line":21,"column":53}},"18":{"start":{"line":22,"column":14},"end":{"line":22,"column":21}},"19":{"start":{"line":25,"column":12},"end":{"line":25,"column":53}},"20":{"start":{"line":26,"column":12},"end":{"line":30,"column":13}},"21":{"start":{"line":27,"column":14},"end":{"line":27,"column":35}},"22":{"start":{"line":29,"column":14},"end":{"line":29,"column":53}},"23":{"start":{"line":33,"column":6},"end":{"line":33,"column":45}},"24":{"start":{"line":38,"column":15},"end":{"line":38,"column":41}},"25":{"start":{"line":41,"column":0},"end":{"line":41,"column":48}},"26":{"start":{"line":42,"column":0},"end":{"line":42,"column":51}},"27":{"start":{"line":43,"column":0},"end":{"line":43,"column":59}},"28":{"start":{"line":44,"column":0},"end":{"line":44,"column":61}},"29":{"start":{"line":45,"column":0},"end":{"line":45,"column":64}},"30":{"start":{"line":48,"column":0},"end":{"line":48,"column":71}},"31":{"start":{"line":49,"column":0},"end":{"line":49,"column":84}},"32":{"start":{"line":50,"column":0},"end":{"line":50,"column":84}},"33":{"start":{"line":51,"column":0},"end":{"line":51,"column":87}},"34":{"start":{"line":54,"column":0},"end":{"line":54,"column":70}},"35":{"start":{"line":55,"column":0},"end":{"line":55,"column":82}},"36":{"start":{"line":56,"column":0},"end":{"line":56,"column":81}},"37":{"start":{"line":57,"column":0},"end":{"line":57,"column":84}},"38":{"start":{"line":60,"column":0},"end":{"line":60,"column":54}},"39":{"start":{"line":61,"column":0},"end":{"line":61,"column":57}},"40":{"start":{"line":62,"column":0},"end":{"line":62,"column":67}},"41":{"start":{"line":63,"column":0},"end":{"line":63,"column":69}},"42":{"start":{"line":64,"column":0},"end":{"line":64,"column":72}},"43":{"start":{"line":67,"column":0},"end":{"line":67,"column":59}},"44":{"start":{"line":68,"column":0},"end":{"line":68,"column":62}},"45":{"start":{"line":69,"column":0},"end":{"line":69,"column":75}},"46":{"start":{"line":70,"column":0},"end":{"line":70,"column":78}},"47":{"start":{"line":73,"column":0},"end":{"line":73,"column":48}},"48":{"start":{"line":74,"column":0},"end":{"line":74,"column":74}},"49":{"start":{"line":75,"column":0},"end":{"line":75,"column":59}},"50":{"start":{"line":76,"column":0},"end":{"line":76,"column":62}},"51":{"start":{"line":78,"column":0},"end":{"line":78,"column":24}}},"fnMap":{"0":{"name":"(anonymous_0)","decl":{"start":{"line":12,"column":15},"end":{"line":12,"column":16}},"loc":{"start":{"line":12,"column":39},"end":{"line":35,"column":3}},"line":12},"1":{"name":"(anonymous_1)","decl":{"start":{"line":16,"column":16},"end":{"line":16,"column":17}},"loc":{"start":{"line":16,"column":36},"end":{"line":31,"column":11}},"line":16}},"branchMap":{"0":{"loc":{"start":{"line":14,"column":4},"end":{"line":34,"column":5}},"type":"if","locations":[{"start":{"line":14,"column":4},"end":{"line":34,"column":5}},{"start":{"line":14,"column":4},"end":{"line":34,"column":5}}],"line":14},"1":{"loc":{"start":{"line":14,"column":8},"end":{"line":14,"column":41}},"type":"binary-expr","locations":[{"start":{"line":14,"column":8},"end":{"line":14,"column":16}},{"start":{"line":14,"column":20},"end":{"line":14,"column":41}}],"line":14},"2":{"loc":{"start":{"line":17,"column":12},"end":{"line":23,"column":13}},"type":"if","locations":[{"start":{"line":17,"column":12},"end":{"line":23,"column":13}},{"start":{"line":17,"column":12},"end":{"line":23,"column":13}}],"line":17},"3":{"loc":{"start":{"line":20,"column":19},"end":{"line":23,"column":13}},"type":"if","locations":[{"start":{"line":20,"column":19},"end":{"line":23,"column":13}},{"start":{"line":20,"column":19},"end":{"line":23,"column":13}}],"line":20},"4":{"loc":{"start":{"line":26,"column":12},"end":{"line":30,"column":13}},"type":"if","locations":[{"start":{"line":26,"column":12},"end":{"line":30,"column":13}},{"start":{"line":26,"column":12},"end":{"line":30,"column":13}}],"line":26}},"s":{"0":1,"1":1,"2":1,"3":1,"4":1,"5":1,"6":1,"7":1,"8":1,"9":1,"10":0,"11":0,"12":0,"13":0,"14":0,"15":0,"16":0,"17":0,"18":0,"19":0,"20":0,"21":0,"22":0,"23":0,"24":1,"25":1,"26":1,"27":1,"28":1,"29":1,"30":1,"31":1,"32":1,"33":1,"34":1,"35":1,"36":1,"37":1,"38":1,"39":1,"40":1,"41":1,"42":1,"43":1,"44":1,"45":1,"46":1,"47":1,"48":1,"49":1,"50":1,"51":1},"f":{"0":0,"1":0},"b":{"0":[0,0],"1":[0,0],"2":[0,0],"3":[0,0],"4":[0,0]},"_coverageSchema":"1a1c01bbd47fc00a2c39e90264f33305004495a9","hash":"5a34373076f89eee45f0a28ab84d36f9cdc313b6","contentHash":"c40403af57271cf8951be3402b48fb86b8338b37fe06b015f4e964cb33cf6caa"},"/mnt/a/workspace/workspace-2021-2022/ideas/learnwithme.com/api/app_api/controllers/posts.js":{"path":"/mnt/a/workspace/workspace-2021-2022/ideas/learnwithme.com/api/app_api/controllers/posts.js","statementMap":{"0":{"start":{"line":1,"column":17},"end":{"line":1,"column":36}},"1":{"start":{"line":3,"column":13},"end":{"line":3,"column":35}},"2":{"start":{"line":4,"column":16},"end":{"line":4,"column":41}},"3":{"start":{"line":5,"column":15},"end":{"line":5,"column":39}},"4":{"start":{"line":9,"column":25},"end":{"line":12,"column":1}},"5":{"start":{"line":10,"column":2},"end":{"line":10,"column":21}},"6":{"start":{"line":11,"column":2},"end":{"line":11,"column":20}},"7":{"start":{"line":14,"column":19},"end":{"line":16,"column":1}},"8":{"start":{"line":15,"column":2},"end":{"line":15,"column":39}},"9":{"start":{"line":18,"column":0},"end":{"line":37,"column":2}},"10":{"start":{"line":19,"column":2},"end":{"line":36,"column":3}},"11":{"start":{"line":20,"column":4},"end":{"line":33,"column":7}},"12":{"start":{"line":21,"column":6},"end":{"line":27,"column":7}},"13":{"start":{"line":22,"column":8},"end":{"line":22,"column":68}},"14":{"start":{"line":23,"column":8},"end":{"line":23,"column":15}},"15":{"start":{"line":24,"column":13},"end":{"line":27,"column":7}},"16":{"start":{"line":25,"column":8},"end":{"line":25,"column":40}},"17":{"start":{"line":26,"column":8},"end":{"line":26,"column":15}},"18":{"start":{"line":32,"column":6},"end":{"line":32,"column":39}},"19":{"start":{"line":35,"column":4},"end":{"line":35,"column":74}},"20":{"start":{"line":39,"column":0},"end":{"line":107,"column":2}},"21":{"start":{"line":40,"column":16},"end":{"line":40,"column":67}},"22":{"start":{"line":41,"column":16},"end":{"line":41,"column":66}},"23":{"start":{"line":43,"column":2},"end":{"line":106,"column":3}},"24":{"start":{"line":44,"column":4},"end":{"line":75,"column":11}},"25":{"start":{"line":53,"column":10},"end":{"line":61,"column":11}},"26":{"start":{"line":55,"column":12},"end":{"line":55,"column":71}},"27":{"start":{"line":56,"column":12},"end":{"line":56,"column":19}},"28":{"start":{"line":57,"column":17},"end":{"line":61,"column":11}},"29":{"start":{"line":59,"column":12},"end":{"line":59,"column":44}},"30":{"start":{"line":60,"column":12},"end":{"line":60,"column":19}},"31":{"start":{"line":63,"column":10},"end":{"line":74,"column":13}},"32":{"start":{"line":77,"column":4},"end":{"line":105,"column":11}},"33":{"start":{"line":84,"column":10},"end":{"line":92,"column":11}},"34":{"start":{"line":86,"column":12},"end":{"line":86,"column":71}},"35":{"start":{"line":87,"column":12},"end":{"line":87,"column":19}},"36":{"start":{"line":88,"column":17},"end":{"line":92,"column":11}},"37":{"start":{"line":90,"column":12},"end":{"line":90,"column":44}},"38":{"start":{"line":91,"column":12},"end":{"line":91,"column":19}},"39":{"start":{"line":94,"column":10},"end":{"line":104,"column":13}},"40":{"start":{"line":109,"column":0},"end":{"line":131,"column":2}},"41":{"start":{"line":110,"column":2},"end":{"line":130,"column":3}},"42":{"start":{"line":111,"column":4},"end":{"line":127,"column":7}},"43":{"start":{"line":122,"column":6},"end":{"line":126,"column":7}},"44":{"start":{"line":123,"column":8},"end":{"line":123,"column":40}},"45":{"start":{"line":125,"column":8},"end":{"line":125,"column":41}},"46":{"start":{"line":129,"column":4},"end":{"line":129,"column":65}},"47":{"start":{"line":133,"column":0},"end":{"line":163,"column":2}},"48":{"start":{"line":134,"column":2},"end":{"line":162,"column":3}},"49":{"start":{"line":135,"column":4},"end":{"line":159,"column":7}},"50":{"start":{"line":136,"column":6},"end":{"line":142,"column":7}},"51":{"start":{"line":137,"column":8},"end":{"line":137,"column":68}},"52":{"start":{"line":138,"column":8},"end":{"line":138,"column":15}},"53":{"start":{"line":139,"column":13},"end":{"line":142,"column":7}},"54":{"start":{"line":140,"column":8},"end":{"line":140,"column":40}},"55":{"start":{"line":141,"column":8},"end":{"line":141,"column":15}},"56":{"start":{"line":145,"column":6},"end":{"line":145,"column":34}},"57":{"start":{"line":146,"column":6},"end":{"line":146,"column":36}},"58":{"start":{"line":147,"column":6},"end":{"line":147,"column":32}},"59":{"start":{"line":148,"column":6},"end":{"line":148,"column":35}},"60":{"start":{"line":150,"column":6},"end":{"line":150,"column":36}},"61":{"start":{"line":151,"column":6},"end":{"line":151,"column":62}},"62":{"start":{"line":152,"column":6},"end":{"line":158,"column":9}},"63":{"start":{"line":153,"column":8},"end":{"line":157,"column":9}},"64":{"start":{"line":154,"column":10},"end":{"line":154,"column":42}},"65":{"start":{"line":156,"column":10},"end":{"line":156,"column":43}},"66":{"start":{"line":161,"column":4},"end":{"line":161,"column":75}},"67":{"start":{"line":165,"column":0},"end":{"line":180,"column":2}},"68":{"start":{"line":166,"column":2},"end":{"line":179,"column":3}},"69":{"start":{"line":167,"column":4},"end":{"line":176,"column":7}},"70":{"start":{"line":168,"column":6},"end":{"line":171,"column":7}},"71":{"start":{"line":169,"column":8},"end":{"line":169,"column":40}},"72":{"start":{"line":170,"column":8},"end":{"line":170,"column":15}},"73":{"start":{"line":175,"column":6},"end":{"line":175,"column":39}},"74":{"start":{"line":178,"column":4},"end":{"line":178,"column":75}},"75":{"start":{"line":182,"column":0},"end":{"line":217,"column":2}},"76":{"start":{"line":183,"column":16},"end":{"line":183,"column":67}},"77":{"start":{"line":184,"column":16},"end":{"line":184,"column":66}},"78":{"start":{"line":186,"column":2},"end":{"line":216,"column":3}},"79":{"start":{"line":187,"column":4},"end":{"line":213,"column":7}},"80":{"start":{"line":188,"column":6},"end":{"line":194,"column":7}},"81":{"start":{"line":189,"column":8},"end":{"line":189,"column":68}},"82":{"start":{"line":190,"column":8},"end":{"line":190,"column":15}},"83":{"start":{"line":191,"column":13},"end":{"line":194,"column":7}},"84":{"start":{"line":192,"column":8},"end":{"line":192,"column":40}},"85":{"start":{"line":193,"column":8},"end":{"line":193,"column":15}},"86":{"start":{"line":196,"column":6},"end":{"line":212,"column":9}},"87":{"start":{"line":215,"column":4},"end":{"line":215,"column":65}},"88":{"start":{"line":219,"column":0},"end":{"line":235,"column":2}},"89":{"start":{"line":220,"column":2},"end":{"line":234,"column":3}},"90":{"start":{"line":221,"column":4},"end":{"line":231,"column":7}},"91":{"start":{"line":226,"column":6},"end":{"line":230,"column":7}},"92":{"start":{"line":227,"column":8},"end":{"line":227,"column":40}},"93":{"start":{"line":229,"column":8},"end":{"line":229,"column":41}},"94":{"start":{"line":233,"column":4},"end":{"line":233,"column":65}},"95":{"start":{"line":238,"column":0},"end":{"line":262,"column":2}},"96":{"start":{"line":239,"column":2},"end":{"line":261,"column":3}},"97":{"start":{"line":240,"column":4},"end":{"line":258,"column":7}},"98":{"start":{"line":241,"column":6},"end":{"line":247,"column":7}},"99":{"start":{"line":242,"column":8},"end":{"line":242,"column":71}},"100":{"start":{"line":243,"column":8},"end":{"line":243,"column":15}},"101":{"start":{"line":244,"column":13},"end":{"line":247,"column":7}},"102":{"start":{"line":245,"column":8},"end":{"line":245,"column":40}},"103":{"start":{"line":246,"column":8},"end":{"line":246,"column":15}},"104":{"start":{"line":249,"column":6},"end":{"line":249,"column":46}},"105":{"start":{"line":251,"column":6},"end":{"line":257,"column":9}},"106":{"start":{"line":252,"column":8},"end":{"line":256,"column":9}},"107":{"start":{"line":253,"column":10},"end":{"line":253,"column":42}},"108":{"start":{"line":255,"column":10},"end":{"line":255,"column":43}},"109":{"start":{"line":260,"column":4},"end":{"line":260,"column":65}},"110":{"start":{"line":265,"column":0},"end":{"line":280,"column":2}},"111":{"start":{"line":266,"column":2},"end":{"line":279,"column":3}},"112":{"start":{"line":267,"column":4},"end":{"line":276,"column":7}},"113":{"start":{"line":268,"column":6},"end":{"line":271,"column":7}},"114":{"start":{"line":269,"column":8},"end":{"line":269,"column":40}},"115":{"start":{"line":270,"column":8},"end":{"line":270,"column":15}},"116":{"start":{"line":275,"column":6},"end":{"line":275,"column":39}},"117":{"start":{"line":278,"column":4},"end":{"line":278,"column":75}},"118":{"start":{"line":287,"column":0},"end":{"line":319,"column":2}},"119":{"start":{"line":288,"column":16},"end":{"line":288,"column":67}},"120":{"start":{"line":289,"column":16},"end":{"line":289,"column":66}},"121":{"start":{"line":291,"column":2},"end":{"line":318,"column":3}},"122":{"start":{"line":292,"column":4},"end":{"line":315,"column":7}},"123":{"start":{"line":293,"column":6},"end":{"line":299,"column":7}},"124":{"start":{"line":294,"column":8},"end":{"line":294,"column":68}},"125":{"start":{"line":295,"column":8},"end":{"line":295,"column":15}},"126":{"start":{"line":296,"column":13},"end":{"line":299,"column":7}},"127":{"start":{"line":297,"column":8},"end":{"line":297,"column":40}},"128":{"start":{"line":298,"column":8},"end":{"line":298,"column":15}},"129":{"start":{"line":301,"column":6},"end":{"line":314,"column":9}},"130":{"start":{"line":317,"column":4},"end":{"line":317,"column":65}},"131":{"start":{"line":322,"column":0},"end":{"line":338,"column":2}},"132":{"start":{"line":323,"column":2},"end":{"line":337,"column":3}},"133":{"start":{"line":324,"column":4},"end":{"line":334,"column":7}},"134":{"start":{"line":329,"column":6},"end":{"line":333,"column":7}},"135":{"start":{"line":330,"column":8},"end":{"line":330,"column":40}},"136":{"start":{"line":332,"column":8},"end":{"line":332,"column":41}},"137":{"start":{"line":336,"column":4},"end":{"line":336,"column":65}},"138":{"start":{"line":341,"column":0},"end":{"line":365,"column":2}},"139":{"start":{"line":342,"column":2},"end":{"line":364,"column":3}},"140":{"start":{"line":343,"column":4},"end":{"line":361,"column":7}},"141":{"start":{"line":344,"column":6},"end":{"line":350,"column":7}},"142":{"start":{"line":345,"column":8},"end":{"line":345,"column":70}},"143":{"start":{"line":346,"column":8},"end":{"line":346,"column":15}},"144":{"start":{"line":347,"column":13},"end":{"line":350,"column":7}},"145":{"start":{"line":348,"column":8},"end":{"line":348,"column":40}},"146":{"start":{"line":349,"column":8},"end":{"line":349,"column":15}},"147":{"start":{"line":352,"column":6},"end":{"line":352,"column":44}},"148":{"start":{"line":354,"column":6},"end":{"line":360,"column":9}},"149":{"start":{"line":355,"column":8},"end":{"line":359,"column":9}},"150":{"start":{"line":356,"column":10},"end":{"line":356,"column":42}},"151":{"start":{"line":358,"column":10},"end":{"line":358,"column":43}},"152":{"start":{"line":363,"column":4},"end":{"line":363,"column":65}},"153":{"start":{"line":368,"column":0},"end":{"line":383,"column":2}},"154":{"start":{"line":369,"column":2},"end":{"line":382,"column":3}},"155":{"start":{"line":370,"column":4},"end":{"line":379,"column":7}},"156":{"start":{"line":371,"column":6},"end":{"line":374,"column":7}},"157":{"start":{"line":372,"column":8},"end":{"line":372,"column":40}},"158":{"start":{"line":373,"column":8},"end":{"line":373,"column":15}},"159":{"start":{"line":378,"column":6},"end":{"line":378,"column":39}},"160":{"start":{"line":381,"column":4},"end":{"line":381,"column":75}}},"fnMap":{"0":{"name":"(anonymous_0)","decl":{"start":{"line":9,"column":25},"end":{"line":9,"column":26}},"loc":{"start":{"line":9,"column":56},"end":{"line":12,"column":1}},"line":9},"1":{"name":"(anonymous_1)","decl":{"start":{"line":14,"column":19},"end":{"line":14,"column":20}},"loc":{"start":{"line":14,"column":48},"end":{"line":16,"column":1}},"line":14},"2":{"name":"(anonymous_2)","decl":{"start":{"line":18,"column":30},"end":{"line":18,"column":31}},"loc":{"start":{"line":18,"column":49},"end":{"line":37,"column":1}},"line":18},"3":{"name":"(anonymous_3)","decl":{"start":{"line":20,"column":42},"end":{"line":20,"column":43}},"loc":{"start":{"line":20,"column":62},"end":{"line":33,"column":5}},"line":20},"4":{"name":"(anonymous_4)","decl":{"start":{"line":39,"column":27},"end":{"line":39,"column":28}},"loc":{"start":{"line":39,"column":46},"end":{"line":107,"column":1}},"line":39},"5":{"name":"(anonymous_5)","decl":{"start":{"line":52,"column":14},"end":{"line":52,"column":15}},"loc":{"start":{"line":52,"column":34},"end":{"line":75,"column":9}},"line":52},"6":{"name":"(anonymous_6)","decl":{"start":{"line":83,"column":14},"end":{"line":83,"column":15}},"loc":{"start":{"line":83,"column":34},"end":{"line":105,"column":9}},"line":83},"7":{"name":"(anonymous_7)","decl":{"start":{"line":109,"column":29},"end":{"line":109,"column":30}},"loc":{"start":{"line":109,"column":48},"end":{"line":131,"column":1}},"line":109},"8":{"name":"(anonymous_8)","decl":{"start":{"line":121,"column":7},"end":{"line":121,"column":8}},"loc":{"start":{"line":121,"column":27},"end":{"line":127,"column":5}},"line":121},"9":{"name":"(anonymous_9)","decl":{"start":{"line":133,"column":32},"end":{"line":133,"column":33}},"loc":{"start":{"line":133,"column":51},"end":{"line":163,"column":1}},"line":133},"10":{"name":"(anonymous_10)","decl":{"start":{"line":135,"column":42},"end":{"line":135,"column":43}},"loc":{"start":{"line":135,"column":62},"end":{"line":159,"column":5}},"line":135},"11":{"name":"(anonymous_11)","decl":{"start":{"line":152,"column":16},"end":{"line":152,"column":17}},"loc":{"start":{"line":152,"column":36},"end":{"line":158,"column":7}},"line":152},"12":{"name":"(anonymous_12)","decl":{"start":{"line":165,"column":32},"end":{"line":165,"column":33}},"loc":{"start":{"line":165,"column":51},"end":{"line":180,"column":1}},"line":165},"13":{"name":"(anonymous_13)","decl":{"start":{"line":167,"column":51},"end":{"line":167,"column":52}},"loc":{"start":{"line":167,"column":71},"end":{"line":176,"column":5}},"line":167},"14":{"name":"(anonymous_14)","decl":{"start":{"line":182,"column":33},"end":{"line":182,"column":34}},"loc":{"start":{"line":182,"column":52},"end":{"line":217,"column":1}},"line":182},"15":{"name":"(anonymous_15)","decl":{"start":{"line":187,"column":49},"end":{"line":187,"column":50}},"loc":{"start":{"line":187,"column":69},"end":{"line":213,"column":5}},"line":187},"16":{"name":"(anonymous_16)","decl":{"start":{"line":219,"column":35},"end":{"line":219,"column":36}},"loc":{"start":{"line":219,"column":54},"end":{"line":235,"column":1}},"line":219},"17":{"name":"(anonymous_17)","decl":{"start":{"line":225,"column":7},"end":{"line":225,"column":8}},"loc":{"start":{"line":225,"column":27},"end":{"line":231,"column":5}},"line":225},"18":{"name":"(anonymous_18)","decl":{"start":{"line":238,"column":35},"end":{"line":238,"column":36}},"loc":{"start":{"line":238,"column":54},"end":{"line":262,"column":1}},"line":238},"19":{"name":"(anonymous_19)","decl":{"start":{"line":240,"column":48},"end":{"line":240,"column":49}},"loc":{"start":{"line":240,"column":68},"end":{"line":258,"column":5}},"line":240},"20":{"name":"(anonymous_20)","decl":{"start":{"line":251,"column":16},"end":{"line":251,"column":17}},"loc":{"start":{"line":251,"column":36},"end":{"line":257,"column":7}},"line":251},"21":{"name":"(anonymous_21)","decl":{"start":{"line":265,"column":35},"end":{"line":265,"column":36}},"loc":{"start":{"line":265,"column":54},"end":{"line":280,"column":1}},"line":265},"22":{"name":"(anonymous_22)","decl":{"start":{"line":267,"column":57},"end":{"line":267,"column":58}},"loc":{"start":{"line":267,"column":77},"end":{"line":276,"column":5}},"line":267},"23":{"name":"(anonymous_23)","decl":{"start":{"line":287,"column":33},"end":{"line":287,"column":34}},"loc":{"start":{"line":287,"column":52},"end":{"line":319,"column":1}},"line":287},"24":{"name":"(anonymous_24)","decl":{"start":{"line":292,"column":48},"end":{"line":292,"column":49}},"loc":{"start":{"line":292,"column":68},"end":{"line":315,"column":5}},"line":292},"25":{"name":"(anonymous_25)","decl":{"start":{"line":322,"column":34},"end":{"line":322,"column":35}},"loc":{"start":{"line":322,"column":53},"end":{"line":338,"column":1}},"line":322},"26":{"name":"(anonymous_26)","decl":{"start":{"line":328,"column":7},"end":{"line":328,"column":8}},"loc":{"start":{"line":328,"column":27},"end":{"line":334,"column":5}},"line":328},"27":{"name":"(anonymous_27)","decl":{"start":{"line":341,"column":34},"end":{"line":341,"column":35}},"loc":{"start":{"line":341,"column":53},"end":{"line":365,"column":1}},"line":341},"28":{"name":"(anonymous_28)","decl":{"start":{"line":343,"column":46},"end":{"line":343,"column":47}},"loc":{"start":{"line":343,"column":66},"end":{"line":361,"column":5}},"line":343},"29":{"name":"(anonymous_29)","decl":{"start":{"line":354,"column":16},"end":{"line":354,"column":17}},"loc":{"start":{"line":354,"column":36},"end":{"line":360,"column":7}},"line":354},"30":{"name":"(anonymous_30)","decl":{"start":{"line":368,"column":34},"end":{"line":368,"column":35}},"loc":{"start":{"line":368,"column":53},"end":{"line":383,"column":1}},"line":368},"31":{"name":"(anonymous_31)","decl":{"start":{"line":370,"column":55},"end":{"line":370,"column":56}},"loc":{"start":{"line":370,"column":75},"end":{"line":379,"column":5}},"line":370}},"branchMap":{"0":{"loc":{"start":{"line":19,"column":2},"end":{"line":36,"column":3}},"type":"if","locations":[{"start":{"line":19,"column":2},"end":{"line":36,"column":3}},{"start":{"line":19,"column":2},"end":{"line":36,"column":3}}],"line":19},"1":{"loc":{"start":{"line":19,"column":6},"end":{"line":19,"column":37}},"type":"binary-expr","locations":[{"start":{"line":19,"column":6},"end":{"line":19,"column":16}},{"start":{"line":19,"column":20},"end":{"line":19,"column":37}}],"line":19},"2":{"loc":{"start":{"line":21,"column":6},"end":{"line":27,"column":7}},"type":"if","locations":[{"start":{"line":21,"column":6},"end":{"line":27,"column":7}},{"start":{"line":21,"column":6},"end":{"line":27,"column":7}}],"line":21},"3":{"loc":{"start":{"line":24,"column":13},"end":{"line":27,"column":7}},"type":"if","locations":[{"start":{"line":24,"column":13},"end":{"line":27,"column":7}},{"start":{"line":24,"column":13},"end":{"line":27,"column":7}}],"line":24},"4":{"loc":{"start":{"line":40,"column":16},"end":{"line":40,"column":67}},"type":"cond-expr","locations":[{"start":{"line":40,"column":34},"end":{"line":40,"column":62}},{"start":{"line":40,"column":65},"end":{"line":40,"column":67}}],"line":40},"5":{"loc":{"start":{"line":41,"column":16},"end":{"line":41,"column":66}},"type":"cond-expr","locations":[{"start":{"line":41,"column":34},"end":{"line":41,"column":62}},{"start":{"line":41,"column":65},"end":{"line":41,"column":66}}],"line":41},"6":{"loc":{"start":{"line":43,"column":2},"end":{"line":106,"column":3}},"type":"if","locations":[{"start":{"line":43,"column":2},"end":{"line":106,"column":3}},{"start":{"line":43,"column":2},"end":{"line":106,"column":3}}],"line":43},"7":{"loc":{"start":{"line":43,"column":6},"end":{"line":43,"column":36}},"type":"binary-expr","locations":[{"start":{"line":43,"column":6},"end":{"line":43,"column":15}},{"start":{"line":43,"column":19},"end":{"line":43,"column":36}}],"line":43},"8":{"loc":{"start":{"line":53,"column":10},"end":{"line":61,"column":11}},"type":"if","locations":[{"start":{"line":53,"column":10},"end":{"line":61,"column":11}},{"start":{"line":53,"column":10},"end":{"line":61,"column":11}}],"line":53},"9":{"loc":{"start":{"line":57,"column":17},"end":{"line":61,"column":11}},"type":"if","locations":[{"start":{"line":57,"column":17},"end":{"line":61,"column":11}},{"start":{"line":57,"column":17},"end":{"line":61,"column":11}}],"line":57},"10":{"loc":{"start":{"line":67,"column":21},"end":{"line":67,"column":65}},"type":"cond-expr","locations":[{"start":{"line":67,"column":38},"end":{"line":67,"column":59}},{"start":{"line":67,"column":62},"end":{"line":67,"column":65}}],"line":67},"11":{"loc":{"start":{"line":84,"column":10},"end":{"line":92,"column":11}},"type":"if","locations":[{"start":{"line":84,"column":10},"end":{"line":92,"column":11}},{"start":{"line":84,"column":10},"end":{"line":92,"column":11}}],"line":84},"12":{"loc":{"start":{"line":88,"column":17},"end":{"line":92,"column":11}},"type":"if","locations":[{"start":{"line":88,"column":17},"end":{"line":92,"column":11}},{"start":{"line":88,"column":17},"end":{"line":92,"column":11}}],"line":88},"13":{"loc":{"start":{"line":97,"column":43},"end":{"line":97,"column":87}},"type":"cond-expr","locations":[{"start":{"line":97,"column":60},"end":{"line":97,"column":81}},{"start":{"line":97,"column":84},"end":{"line":97,"column":87}}],"line":97},"14":{"loc":{"start":{"line":110,"column":2},"end":{"line":130,"column":3}},"type":"if","locations":[{"start":{"line":110,"column":2},"end":{"line":130,"column":3}},{"start":{"line":110,"column":2},"end":{"line":130,"column":3}}],"line":110},"15":{"loc":{"start":{"line":110,"column":6},"end":{"line":110,"column":87}},"type":"binary-expr","locations":[{"start":{"line":110,"column":6},"end":{"line":110,"column":14}},{"start":{"line":110,"column":18},"end":{"line":110,"column":32}},{"start":{"line":110,"column":36},"end":{"line":110,"column":51}},{"start":{"line":110,"column":55},"end":{"line":110,"column":68}},{"start":{"line":110,"column":72},"end":{"line":110,"column":87}}],"line":110},"16":{"loc":{"start":{"line":122,"column":6},"end":{"line":126,"column":7}},"type":"if","locations":[{"start":{"line":122,"column":6},"end":{"line":126,"column":7}},{"start":{"line":122,"column":6},"end":{"line":126,"column":7}}],"line":122},"17":{"loc":{"start":{"line":134,"column":2},"end":{"line":162,"column":3}},"type":"if","locations":[{"start":{"line":134,"column":2},"end":{"line":162,"column":3}},{"start":{"line":134,"column":2},"end":{"line":162,"column":3}}],"line":134},"18":{"loc":{"start":{"line":134,"column":6},"end":{"line":134,"column":37}},"type":"binary-expr","locations":[{"start":{"line":134,"column":6},"end":{"line":134,"column":16}},{"start":{"line":134,"column":20},"end":{"line":134,"column":37}}],"line":134},"19":{"loc":{"start":{"line":136,"column":6},"end":{"line":142,"column":7}},"type":"if","locations":[{"start":{"line":136,"column":6},"end":{"line":142,"column":7}},{"start":{"line":136,"column":6},"end":{"line":142,"column":7}}],"line":136},"20":{"loc":{"start":{"line":139,"column":13},"end":{"line":142,"column":7}},"type":"if","locations":[{"start":{"line":139,"column":13},"end":{"line":142,"column":7}},{"start":{"line":139,"column":13},"end":{"line":142,"column":7}}],"line":139},"21":{"loc":{"start":{"line":153,"column":8},"end":{"line":157,"column":9}},"type":"if","locations":[{"start":{"line":153,"column":8},"end":{"line":157,"column":9}},{"start":{"line":153,"column":8},"end":{"line":157,"column":9}}],"line":153},"22":{"loc":{"start":{"line":166,"column":2},"end":{"line":179,"column":3}},"type":"if","locations":[{"start":{"line":166,"column":2},"end":{"line":179,"column":3}},{"start":{"line":166,"column":2},"end":{"line":179,"column":3}}],"line":166},"23":{"loc":{"start":{"line":166,"column":6},"end":{"line":166,"column":37}},"type":"binary-expr","locations":[{"start":{"line":166,"column":6},"end":{"line":166,"column":16}},{"start":{"line":166,"column":20},"end":{"line":166,"column":37}}],"line":166},"24":{"loc":{"start":{"line":168,"column":6},"end":{"line":171,"column":7}},"type":"if","locations":[{"start":{"line":168,"column":6},"end":{"line":171,"column":7}},{"start":{"line":168,"column":6},"end":{"line":171,"column":7}}],"line":168},"25":{"loc":{"start":{"line":183,"column":16},"end":{"line":183,"column":67}},"type":"cond-expr","locations":[{"start":{"line":183,"column":34},"end":{"line":183,"column":62}},{"start":{"line":183,"column":65},"end":{"line":183,"column":67}}],"line":183},"26":{"loc":{"start":{"line":184,"column":16},"end":{"line":184,"column":66}},"type":"cond-expr","locations":[{"start":{"line":184,"column":34},"end":{"line":184,"column":62}},{"start":{"line":184,"column":65},"end":{"line":184,"column":66}}],"line":184},"27":{"loc":{"start":{"line":186,"column":2},"end":{"line":216,"column":3}},"type":"if","locations":[{"start":{"line":186,"column":2},"end":{"line":216,"column":3}},{"start":{"line":186,"column":2},"end":{"line":216,"column":3}}],"line":186},"28":{"loc":{"start":{"line":186,"column":6},"end":{"line":186,"column":37}},"type":"binary-expr","locations":[{"start":{"line":186,"column":6},"end":{"line":186,"column":16}},{"start":{"line":186,"column":20},"end":{"line":186,"column":37}}],"line":186},"29":{"loc":{"start":{"line":188,"column":6},"end":{"line":194,"column":7}},"type":"if","locations":[{"start":{"line":188,"column":6},"end":{"line":194,"column":7}},{"start":{"line":188,"column":6},"end":{"line":194,"column":7}}],"line":188},"30":{"loc":{"start":{"line":191,"column":13},"end":{"line":194,"column":7}},"type":"if","locations":[{"start":{"line":191,"column":13},"end":{"line":194,"column":7}},{"start":{"line":191,"column":13},"end":{"line":194,"column":7}}],"line":191},"31":{"loc":{"start":{"line":202,"column":17},"end":{"line":202,"column":61}},"type":"cond-expr","locations":[{"start":{"line":202,"column":34},"end":{"line":202,"column":55}},{"start":{"line":202,"column":58},"end":{"line":202,"column":61}}],"line":202},"32":{"loc":{"start":{"line":220,"column":2},"end":{"line":234,"column":3}},"type":"if","locations":[{"start":{"line":220,"column":2},"end":{"line":234,"column":3}},{"start":{"line":220,"column":2},"end":{"line":234,"column":3}}],"line":220},"33":{"loc":{"start":{"line":220,"column":6},"end":{"line":220,"column":96}},"type":"binary-expr","locations":[{"start":{"line":220,"column":6},"end":{"line":220,"column":14}},{"start":{"line":220,"column":18},"end":{"line":220,"column":28}},{"start":{"line":220,"column":32},"end":{"line":220,"column":49}},{"start":{"line":220,"column":53},"end":{"line":220,"column":72}},{"start":{"line":220,"column":76},"end":{"line":220,"column":96}}],"line":220},"34":{"loc":{"start":{"line":226,"column":6},"end":{"line":230,"column":7}},"type":"if","locations":[{"start":{"line":226,"column":6},"end":{"line":230,"column":7}},{"start":{"line":226,"column":6},"end":{"line":230,"column":7}}],"line":226},"35":{"loc":{"start":{"line":239,"column":2},"end":{"line":261,"column":3}},"type":"if","locations":[{"start":{"line":239,"column":2},"end":{"line":261,"column":3}},{"start":{"line":239,"column":2},"end":{"line":261,"column":3}}],"line":239},"36":{"loc":{"start":{"line":239,"column":6},"end":{"line":239,"column":85}},"type":"binary-expr","locations":[{"start":{"line":239,"column":6},"end":{"line":239,"column":16}},{"start":{"line":239,"column":20},"end":{"line":239,"column":37}},{"start":{"line":239,"column":41},"end":{"line":239,"column":61}},{"start":{"line":239,"column":65},"end":{"line":239,"column":85}}],"line":239},"37":{"loc":{"start":{"line":241,"column":6},"end":{"line":247,"column":7}},"type":"if","locations":[{"start":{"line":241,"column":6},"end":{"line":247,"column":7}},{"start":{"line":241,"column":6},"end":{"line":247,"column":7}}],"line":241},"38":{"loc":{"start":{"line":244,"column":13},"end":{"line":247,"column":7}},"type":"if","locations":[{"start":{"line":244,"column":13},"end":{"line":247,"column":7}},{"start":{"line":244,"column":13},"end":{"line":247,"column":7}}],"line":244},"39":{"loc":{"start":{"line":252,"column":8},"end":{"line":256,"column":9}},"type":"if","locations":[{"start":{"line":252,"column":8},"end":{"line":256,"column":9}},{"start":{"line":252,"column":8},"end":{"line":256,"column":9}}],"line":252},"40":{"loc":{"start":{"line":266,"column":2},"end":{"line":279,"column":3}},"type":"if","locations":[{"start":{"line":266,"column":2},"end":{"line":279,"column":3}},{"start":{"line":266,"column":2},"end":{"line":279,"column":3}}],"line":266},"41":{"loc":{"start":{"line":266,"column":6},"end":{"line":266,"column":61}},"type":"binary-expr","locations":[{"start":{"line":266,"column":6},"end":{"line":266,"column":16}},{"start":{"line":266,"column":20},"end":{"line":266,"column":37}},{"start":{"line":266,"column":41},"end":{"line":266,"column":61}}],"line":266},"42":{"loc":{"start":{"line":268,"column":6},"end":{"line":271,"column":7}},"type":"if","locations":[{"start":{"line":268,"column":6},"end":{"line":271,"column":7}},{"start":{"line":268,"column":6},"end":{"line":271,"column":7}}],"line":268},"43":{"loc":{"start":{"line":288,"column":16},"end":{"line":288,"column":67}},"type":"cond-expr","locations":[{"start":{"line":288,"column":34},"end":{"line":288,"column":62}},{"start":{"line":288,"column":65},"end":{"line":288,"column":67}}],"line":288},"44":{"loc":{"start":{"line":289,"column":16},"end":{"line":289,"column":66}},"type":"cond-expr","locations":[{"start":{"line":289,"column":34},"end":{"line":289,"column":62}},{"start":{"line":289,"column":65},"end":{"line":289,"column":66}}],"line":289},"45":{"loc":{"start":{"line":291,"column":2},"end":{"line":318,"column":3}},"type":"if","locations":[{"start":{"line":291,"column":2},"end":{"line":318,"column":3}},{"start":{"line":291,"column":2},"end":{"line":318,"column":3}}],"line":291},"46":{"loc":{"start":{"line":291,"column":6},"end":{"line":291,"column":37}},"type":"binary-expr","locations":[{"start":{"line":291,"column":6},"end":{"line":291,"column":16}},{"start":{"line":291,"column":20},"end":{"line":291,"column":37}}],"line":291},"47":{"loc":{"start":{"line":293,"column":6},"end":{"line":299,"column":7}},"type":"if","locations":[{"start":{"line":293,"column":6},"end":{"line":299,"column":7}},{"start":{"line":293,"column":6},"end":{"line":299,"column":7}}],"line":293},"48":{"loc":{"start":{"line":296,"column":13},"end":{"line":299,"column":7}},"type":"if","locations":[{"start":{"line":296,"column":13},"end":{"line":299,"column":7}},{"start":{"line":296,"column":13},"end":{"line":299,"column":7}}],"line":296},"49":{"loc":{"start":{"line":305,"column":17},"end":{"line":305,"column":61}},"type":"cond-expr","locations":[{"start":{"line":305,"column":34},"end":{"line":305,"column":55}},{"start":{"line":305,"column":58},"end":{"line":305,"column":61}}],"line":305},"50":{"loc":{"start":{"line":323,"column":2},"end":{"line":337,"column":3}},"type":"if","locations":[{"start":{"line":323,"column":2},"end":{"line":337,"column":3}},{"start":{"line":323,"column":2},"end":{"line":337,"column":3}}],"line":323},"51":{"loc":{"start":{"line":323,"column":6},"end":{"line":323,"column":95}},"type":"binary-expr","locations":[{"start":{"line":323,"column":6},"end":{"line":323,"column":14}},{"start":{"line":323,"column":18},"end":{"line":323,"column":28}},{"start":{"line":323,"column":32},"end":{"line":323,"column":49}},{"start":{"line":323,"column":53},"end":{"line":323,"column":72}},{"start":{"line":323,"column":76},"end":{"line":323,"column":95}}],"line":323},"52":{"loc":{"start":{"line":329,"column":6},"end":{"line":333,"column":7}},"type":"if","locations":[{"start":{"line":329,"column":6},"end":{"line":333,"column":7}},{"start":{"line":329,"column":6},"end":{"line":333,"column":7}}],"line":329},"53":{"loc":{"start":{"line":342,"column":2},"end":{"line":364,"column":3}},"type":"if","locations":[{"start":{"line":342,"column":2},"end":{"line":364,"column":3}},{"start":{"line":342,"column":2},"end":{"line":364,"column":3}}],"line":342},"54":{"loc":{"start":{"line":342,"column":6},"end":{"line":342,"column":83}},"type":"binary-expr","locations":[{"start":{"line":342,"column":6},"end":{"line":342,"column":16}},{"start":{"line":342,"column":20},"end":{"line":342,"column":37}},{"start":{"line":342,"column":41},"end":{"line":342,"column":60}},{"start":{"line":342,"column":64},"end":{"line":342,"column":83}}],"line":342},"55":{"loc":{"start":{"line":344,"column":6},"end":{"line":350,"column":7}},"type":"if","locations":[{"start":{"line":344,"column":6},"end":{"line":350,"column":7}},{"start":{"line":344,"column":6},"end":{"line":350,"column":7}}],"line":344},"56":{"loc":{"start":{"line":347,"column":13},"end":{"line":350,"column":7}},"type":"if","locations":[{"start":{"line":347,"column":13},"end":{"line":350,"column":7}},{"start":{"line":347,"column":13},"end":{"line":350,"column":7}}],"line":347},"57":{"loc":{"start":{"line":355,"column":8},"end":{"line":359,"column":9}},"type":"if","locations":[{"start":{"line":355,"column":8},"end":{"line":359,"column":9}},{"start":{"line":355,"column":8},"end":{"line":359,"column":9}}],"line":355},"58":{"loc":{"start":{"line":369,"column":2},"end":{"line":382,"column":3}},"type":"if","locations":[{"start":{"line":369,"column":2},"end":{"line":382,"column":3}},{"start":{"line":369,"column":2},"end":{"line":382,"column":3}}],"line":369},"59":{"loc":{"start":{"line":369,"column":6},"end":{"line":369,"column":60}},"type":"binary-expr","locations":[{"start":{"line":369,"column":6},"end":{"line":369,"column":16}},{"start":{"line":369,"column":20},"end":{"line":369,"column":37}},{"start":{"line":369,"column":41},"end":{"line":369,"column":60}}],"line":369},"60":{"loc":{"start":{"line":371,"column":6},"end":{"line":374,"column":7}},"type":"if","locations":[{"start":{"line":371,"column":6},"end":{"line":374,"column":7}},{"start":{"line":371,"column":6},"end":{"line":374,"column":7}}],"line":371}},"s":{"0":1,"1":1,"2":1,"3":1,"4":1,"5":0,"6":0,"7":1,"8":0,"9":1,"10":0,"11":0,"12":0,"13":0,"14":0,"15":0,"16":0,"17":0,"18":0,"19":0,"20":1,"21":0,"22":0,"23":0,"24":0,"25":0,"26":0,"27":0,"28":0,"29":0,"30":0,"31":0,"32":0,"33":0,"34":0,"35":0,"36":0,"37":0,"38":0,"39":0,"40":1,"41":0,"42":0,"43":0,"44":0,"45":0,"46":0,"47":1,"48":0,"49":0,"50":0,"51":0,"52":0,"53":0,"54":0,"55":0,"56":0,"57":0,"58":0,"59":0,"60":0,"61":0,"62":0,"63":0,"64":0,"65":0,"66":0,"67":1,"68":0,"69":0,"70":0,"71":0,"72":0,"73":0,"74":0,"75":1,"76":0,"77":0,"78":0,"79":0,"80":0,"81":0,"82":0,"83":0,"84":0,"85":0,"86":0,"87":0,"88":1,"89":0,"90":0,"91":0,"92":0,"93":0,"94":0,"95":1,"96":0,"97":0,"98":0,"99":0,"100":0,"101":0,"102":0,"103":0,"104":0,"105":0,"106":0,"107":0,"108":0,"109":0,"110":1,"111":0,"112":0,"113":0,"114":0,"115":0,"116":0,"117":0,"118":1,"119":0,"120":0,"121":0,"122":0,"123":0,"124":0,"125":0,"126":0,"127":0,"128":0,"129":0,"130":0,"131":1,"132":0,"133":0,"134":0,"135":0,"136":0,"137":0,"138":1,"139":0,"140":0,"141":0,"142":0,"143":0,"144":0,"145":0,"146":0,"147":0,"148":0,"149":0,"150":0,"151":0,"152":0,"153":1,"154":0,"155":0,"156":0,"157":0,"158":0,"159":0,"160":0},"f":{"0":0,"1":0,"2":0,"3":0,"4":0,"5":0,"6":0,"7":0,"8":0,"9":0,"10":0,"11":0,"12":0,"13":0,"14":0,"15":0,"16":0,"17":0,"18":0,"19":0,"20":0,"21":0,"22":0,"23":0,"24":0,"25":0,"26":0,"27":0,"28":0,"29":0,"30":0,"31":0},"b":{"0":[0,0],"1":[0,0],"2":[0,0],"3":[0,0],"4":[0,0],"5":[0,0],"6":[0,0],"7":[0,0],"8":[0,0],"9":[0,0],"10":[0,0],"11":[0,0],"12":[0,0],"13":[0,0],"14":[0,0],"15":[0,0,0,0,0],"16":[0,0],"17":[0,0],"18":[0,0],"19":[0,0],"20":[0,0],"21":[0,0],"22":[0,0],"23":[0,0],"24":[0,0],"25":[0,0],"26":[0,0],"27":[0,0],"28":[0,0],"29":[0,0],"30":[0,0],"31":[0,0],"32":[0,0],"33":[0,0,0,0,0],"34":[0,0],"35":[0,0],"36":[0,0,0,0],"37":[0,0],"38":[0,0],"39":[0,0],"40":[0,0],"41":[0,0,0],"42":[0,0],"43":[0,0],"44":[0,0],"45":[0,0],"46":[0,0],"47":[0,0],"48":[0,0],"49":[0,0],"50":[0,0],"51":[0,0,0,0,0],"52":[0,0],"53":[0,0],"54":[0,0,0,0],"55":[0,0],"56":[0,0],"57":[0,0],"58":[0,0],"59":[0,0,0],"60":[0,0]},"_coverageSchema":"1a1c01bbd47fc00a2c39e90264f33305004495a9","hash":"0ae0c1dabc26d18fba26afcf3d9dce5785ed9587","contentHash":"3def3353301508e0a1279b1bbc0d602223abf7581a5a1588989df4f4374832a6"},"/mnt/a/workspace/workspace-2021-2022/ideas/learnwithme.com/api/app_api/controllers/members.js":{"path":"/mnt/a/workspace/workspace-2021-2022/ideas/learnwithme.com/api/app_api/controllers/members.js","statementMap":{"0":{"start":{"line":2,"column":17},"end":{"line":2,"column":36}},"1":{"start":{"line":3,"column":17},"end":{"line":3,"column":36}},"2":{"start":{"line":4,"column":15},"end":{"line":4,"column":32}},"3":{"start":{"line":5,"column":15},"end":{"line":5,"column":38}},"4":{"start":{"line":8,"column":15},"end":{"line":8,"column":39}},"5":{"start":{"line":10,"column":25},"end":{"line":13,"column":1}},"6":{"start":{"line":11,"column":2},"end":{"line":11,"column":21}},"7":{"start":{"line":12,"column":2},"end":{"line":12,"column":20}},"8":{"start":{"line":15,"column":0},"end":{"line":34,"column":2}},"9":{"start":{"line":16,"column":2},"end":{"line":33,"column":3}},"10":{"start":{"line":17,"column":4},"end":{"line":30,"column":7}},"11":{"start":{"line":18,"column":6},"end":{"line":24,"column":7}},"12":{"start":{"line":19,"column":8},"end":{"line":19,"column":70}},"13":{"start":{"line":20,"column":8},"end":{"line":20,"column":15}},"14":{"start":{"line":21,"column":13},"end":{"line":24,"column":7}},"15":{"start":{"line":22,"column":8},"end":{"line":22,"column":40}},"16":{"start":{"line":23,"column":8},"end":{"line":23,"column":15}},"17":{"start":{"line":29,"column":6},"end":{"line":29,"column":39}},"18":{"start":{"line":32,"column":4},"end":{"line":32,"column":76}},"19":{"start":{"line":36,"column":0},"end":{"line":69,"column":2}},"20":{"start":{"line":37,"column":16},"end":{"line":37,"column":67}},"21":{"start":{"line":38,"column":16},"end":{"line":38,"column":66}},"22":{"start":{"line":40,"column":2},"end":{"line":68,"column":9}},"23":{"start":{"line":47,"column":8},"end":{"line":55,"column":9}},"24":{"start":{"line":49,"column":10},"end":{"line":49,"column":71}},"25":{"start":{"line":50,"column":10},"end":{"line":50,"column":17}},"26":{"start":{"line":51,"column":15},"end":{"line":55,"column":9}},"27":{"start":{"line":53,"column":10},"end":{"line":53,"column":42}},"28":{"start":{"line":54,"column":10},"end":{"line":54,"column":17}},"29":{"start":{"line":57,"column":8},"end":{"line":67,"column":11}},"30":{"start":{"line":71,"column":0},"end":{"line":97,"column":2}},"31":{"start":{"line":72,"column":2},"end":{"line":96,"column":3}},"32":{"start":{"line":73,"column":4},"end":{"line":93,"column":55}},"33":{"start":{"line":74,"column":6},"end":{"line":92,"column":9}},"34":{"start":{"line":87,"column":8},"end":{"line":91,"column":9}},"35":{"start":{"line":88,"column":10},"end":{"line":88,"column":42}},"36":{"start":{"line":90,"column":10},"end":{"line":90,"column":43}},"37":{"start":{"line":93,"column":20},"end":{"line":93,"column":53}},"38":{"start":{"line":95,"column":4},"end":{"line":95,"column":71}},"39":{"start":{"line":100,"column":0},"end":{"line":133,"column":2}},"40":{"start":{"line":101,"column":2},"end":{"line":132,"column":3}},"41":{"start":{"line":102,"column":4},"end":{"line":129,"column":7}},"42":{"start":{"line":103,"column":6},"end":{"line":109,"column":7}},"43":{"start":{"line":104,"column":8},"end":{"line":104,"column":70}},"44":{"start":{"line":105,"column":8},"end":{"line":105,"column":15}},"45":{"start":{"line":106,"column":13},"end":{"line":109,"column":7}},"46":{"start":{"line":107,"column":8},"end":{"line":107,"column":40}},"47":{"start":{"line":108,"column":8},"end":{"line":108,"column":15}},"48":{"start":{"line":112,"column":6},"end":{"line":112,"column":32}},"49":{"start":{"line":113,"column":6},"end":{"line":113,"column":40}},"50":{"start":{"line":114,"column":6},"end":{"line":114,"column":34}},"51":{"start":{"line":115,"column":6},"end":{"line":115,"column":82}},"52":{"start":{"line":116,"column":6},"end":{"line":116,"column":42}},"53":{"start":{"line":117,"column":6},"end":{"line":117,"column":48}},"54":{"start":{"line":118,"column":6},"end":{"line":118,"column":48}},"55":{"start":{"line":119,"column":6},"end":{"line":119,"column":38}},"56":{"start":{"line":120,"column":6},"end":{"line":120,"column":34}},"57":{"start":{"line":121,"column":6},"end":{"line":121,"column":38}},"58":{"start":{"line":122,"column":6},"end":{"line":128,"column":9}},"59":{"start":{"line":123,"column":8},"end":{"line":127,"column":9}},"60":{"start":{"line":124,"column":10},"end":{"line":124,"column":42}},"61":{"start":{"line":126,"column":10},"end":{"line":126,"column":43}},"62":{"start":{"line":131,"column":4},"end":{"line":131,"column":77}},"63":{"start":{"line":135,"column":0},"end":{"line":147,"column":2}},"64":{"start":{"line":136,"column":2},"end":{"line":146,"column":3}},"65":{"start":{"line":137,"column":4},"end":{"line":143,"column":7}},"66":{"start":{"line":138,"column":6},"end":{"line":141,"column":7}},"67":{"start":{"line":139,"column":8},"end":{"line":139,"column":40}},"68":{"start":{"line":140,"column":8},"end":{"line":140,"column":15}},"69":{"start":{"line":142,"column":6},"end":{"line":142,"column":39}},"70":{"start":{"line":145,"column":4},"end":{"line":145,"column":77}}},"fnMap":{"0":{"name":"(anonymous_0)","decl":{"start":{"line":10,"column":25},"end":{"line":10,"column":26}},"loc":{"start":{"line":10,"column":56},"end":{"line":13,"column":1}},"line":10},"1":{"name":"(anonymous_1)","decl":{"start":{"line":15,"column":32},"end":{"line":15,"column":33}},"loc":{"start":{"line":15,"column":51},"end":{"line":34,"column":1}},"line":15},"2":{"name":"(anonymous_2)","decl":{"start":{"line":17,"column":46},"end":{"line":17,"column":47}},"loc":{"start":{"line":17,"column":66},"end":{"line":30,"column":5}},"line":17},"3":{"name":"(anonymous_3)","decl":{"start":{"line":36,"column":29},"end":{"line":36,"column":30}},"loc":{"start":{"line":36,"column":48},"end":{"line":69,"column":1}},"line":36},"4":{"name":"(anonymous_4)","decl":{"start":{"line":46,"column":11},"end":{"line":46,"column":12}},"loc":{"start":{"line":46,"column":31},"end":{"line":68,"column":7}},"line":46},"5":{"name":"(anonymous_5)","decl":{"start":{"line":71,"column":31},"end":{"line":71,"column":32}},"loc":{"start":{"line":71,"column":50},"end":{"line":97,"column":1}},"line":71},"6":{"name":"(anonymous_6)","decl":{"start":{"line":73,"column":40},"end":{"line":73,"column":41}},"loc":{"start":{"line":73,"column":59},"end":{"line":93,"column":5}},"line":73},"7":{"name":"(anonymous_7)","decl":{"start":{"line":86,"column":9},"end":{"line":86,"column":10}},"loc":{"start":{"line":86,"column":29},"end":{"line":92,"column":7}},"line":86},"8":{"name":"(anonymous_8)","decl":{"start":{"line":93,"column":13},"end":{"line":93,"column":14}},"loc":{"start":{"line":93,"column":20},"end":{"line":93,"column":53}},"line":93},"9":{"name":"(anonymous_9)","decl":{"start":{"line":100,"column":34},"end":{"line":100,"column":35}},"loc":{"start":{"line":100,"column":53},"end":{"line":133,"column":1}},"line":100},"10":{"name":"(anonymous_10)","decl":{"start":{"line":102,"column":46},"end":{"line":102,"column":47}},"loc":{"start":{"line":102,"column":66},"end":{"line":129,"column":5}},"line":102},"11":{"name":"(anonymous_11)","decl":{"start":{"line":122,"column":16},"end":{"line":122,"column":17}},"loc":{"start":{"line":122,"column":36},"end":{"line":128,"column":7}},"line":122},"12":{"name":"(anonymous_12)","decl":{"start":{"line":135,"column":34},"end":{"line":135,"column":35}},"loc":{"start":{"line":135,"column":53},"end":{"line":147,"column":1}},"line":135},"13":{"name":"(anonymous_13)","decl":{"start":{"line":137,"column":55},"end":{"line":137,"column":56}},"loc":{"start":{"line":137,"column":75},"end":{"line":143,"column":5}},"line":137}},"branchMap":{"0":{"loc":{"start":{"line":16,"column":2},"end":{"line":33,"column":3}},"type":"if","locations":[{"start":{"line":16,"column":2},"end":{"line":33,"column":3}},{"start":{"line":16,"column":2},"end":{"line":33,"column":3}}],"line":16},"1":{"loc":{"start":{"line":16,"column":6},"end":{"line":16,"column":39}},"type":"binary-expr","locations":[{"start":{"line":16,"column":6},"end":{"line":16,"column":16}},{"start":{"line":16,"column":20},"end":{"line":16,"column":39}}],"line":16},"2":{"loc":{"start":{"line":18,"column":6},"end":{"line":24,"column":7}},"type":"if","locations":[{"start":{"line":18,"column":6},"end":{"line":24,"column":7}},{"start":{"line":18,"column":6},"end":{"line":24,"column":7}}],"line":18},"3":{"loc":{"start":{"line":21,"column":13},"end":{"line":24,"column":7}},"type":"if","locations":[{"start":{"line":21,"column":13},"end":{"line":24,"column":7}},{"start":{"line":21,"column":13},"end":{"line":24,"column":7}}],"line":21},"4":{"loc":{"start":{"line":37,"column":16},"end":{"line":37,"column":67}},"type":"cond-expr","locations":[{"start":{"line":37,"column":34},"end":{"line":37,"column":62}},{"start":{"line":37,"column":65},"end":{"line":37,"column":67}}],"line":37},"5":{"loc":{"start":{"line":38,"column":16},"end":{"line":38,"column":66}},"type":"cond-expr","locations":[{"start":{"line":38,"column":34},"end":{"line":38,"column":62}},{"start":{"line":38,"column":65},"end":{"line":38,"column":66}}],"line":38},"6":{"loc":{"start":{"line":47,"column":8},"end":{"line":55,"column":9}},"type":"if","locations":[{"start":{"line":47,"column":8},"end":{"line":55,"column":9}},{"start":{"line":47,"column":8},"end":{"line":55,"column":9}}],"line":47},"7":{"loc":{"start":{"line":51,"column":15},"end":{"line":55,"column":9}},"type":"if","locations":[{"start":{"line":51,"column":15},"end":{"line":55,"column":9}},{"start":{"line":51,"column":15},"end":{"line":55,"column":9}}],"line":51},"8":{"loc":{"start":{"line":60,"column":43},"end":{"line":60,"column":87}},"type":"cond-expr","locations":[{"start":{"line":60,"column":60},"end":{"line":60,"column":81}},{"start":{"line":60,"column":84},"end":{"line":60,"column":87}}],"line":60},"9":{"loc":{"start":{"line":72,"column":2},"end":{"line":96,"column":3}},"type":"if","locations":[{"start":{"line":72,"column":2},"end":{"line":96,"column":3}},{"start":{"line":72,"column":2},"end":{"line":96,"column":3}}],"line":72},"10":{"loc":{"start":{"line":72,"column":6},"end":{"line":72,"column":35}},"type":"binary-expr","locations":[{"start":{"line":72,"column":6},"end":{"line":72,"column":14}},{"start":{"line":72,"column":18},"end":{"line":72,"column":35}}],"line":72},"11":{"loc":{"start":{"line":87,"column":8},"end":{"line":91,"column":9}},"type":"if","locations":[{"start":{"line":87,"column":8},"end":{"line":91,"column":9}},{"start":{"line":87,"column":8},"end":{"line":91,"column":9}}],"line":87},"12":{"loc":{"start":{"line":101,"column":2},"end":{"line":132,"column":3}},"type":"if","locations":[{"start":{"line":101,"column":2},"end":{"line":132,"column":3}},{"start":{"line":101,"column":2},"end":{"line":132,"column":3}}],"line":101},"13":{"loc":{"start":{"line":101,"column":6},"end":{"line":101,"column":39}},"type":"binary-expr","locations":[{"start":{"line":101,"column":6},"end":{"line":101,"column":16}},{"start":{"line":101,"column":20},"end":{"line":101,"column":39}}],"line":101},"14":{"loc":{"start":{"line":103,"column":6},"end":{"line":109,"column":7}},"type":"if","locations":[{"start":{"line":103,"column":6},"end":{"line":109,"column":7}},{"start":{"line":103,"column":6},"end":{"line":109,"column":7}}],"line":103},"15":{"loc":{"start":{"line":106,"column":13},"end":{"line":109,"column":7}},"type":"if","locations":[{"start":{"line":106,"column":13},"end":{"line":109,"column":7}},{"start":{"line":106,"column":13},"end":{"line":109,"column":7}}],"line":106},"16":{"loc":{"start":{"line":123,"column":8},"end":{"line":127,"column":9}},"type":"if","locations":[{"start":{"line":123,"column":8},"end":{"line":127,"column":9}},{"start":{"line":123,"column":8},"end":{"line":127,"column":9}}],"line":123},"17":{"loc":{"start":{"line":136,"column":2},"end":{"line":146,"column":3}},"type":"if","locations":[{"start":{"line":136,"column":2},"end":{"line":146,"column":3}},{"start":{"line":136,"column":2},"end":{"line":146,"column":3}}],"line":136},"18":{"loc":{"start":{"line":136,"column":6},"end":{"line":136,"column":39}},"type":"binary-expr","locations":[{"start":{"line":136,"column":6},"end":{"line":136,"column":16}},{"start":{"line":136,"column":20},"end":{"line":136,"column":39}}],"line":136},"19":{"loc":{"start":{"line":138,"column":6},"end":{"line":141,"column":7}},"type":"if","locations":[{"start":{"line":138,"column":6},"end":{"line":141,"column":7}},{"start":{"line":138,"column":6},"end":{"line":141,"column":7}}],"line":138}},"s":{"0":1,"1":1,"2":1,"3":1,"4":1,"5":1,"6":1,"7":1,"8":1,"9":0,"10":0,"11":0,"12":0,"13":0,"14":0,"15":0,"16":0,"17":0,"18":0,"19":1,"20":1,"21":1,"22":1,"23":1,"24":0,"25":0,"26":1,"27":0,"28":0,"29":1,"30":1,"31":0,"32":0,"33":0,"34":0,"35":0,"36":0,"37":0,"38":0,"39":1,"40":0,"41":0,"42":0,"43":0,"44":0,"45":0,"46":0,"47":0,"48":0,"49":0,"50":0,"51":0,"52":0,"53":0,"54":0,"55":0,"56":0,"57":0,"58":0,"59":0,"60":0,"61":0,"62":0,"63":1,"64":0,"65":0,"66":0,"67":0,"68":0,"69":0,"70":0},"f":{"0":1,"1":0,"2":0,"3":1,"4":1,"5":0,"6":0,"7":0,"8":0,"9":0,"10":0,"11":0,"12":0,"13":0},"b":{"0":[0,0],"1":[0,0],"2":[0,0],"3":[0,0],"4":[0,1],"5":[0,1],"6":[0,1],"7":[0,1],"8":[0,1],"9":[0,0],"10":[0,0],"11":[0,0],"12":[0,0],"13":[0,0],"14":[0,0],"15":[0,0],"16":[0,0],"17":[0,0],"18":[0,0],"19":[0,0]},"_coverageSchema":"1a1c01bbd47fc00a2c39e90264f33305004495a9","hash":"c9bcb46f050d9550240c39f6c4bba9a93437bd34","contentHash":"935cfdeb10c6a91aaa4c94cc49834930e5a13b49b483b69ffaf17baac9f953e5"},"/mnt/a/workspace/workspace-2021-2022/ideas/learnwithme.com/api/app_api/controllers/media.js":{"path":"/mnt/a/workspace/workspace-2021-2022/ideas/learnwithme.com/api/app_api/controllers/media.js","statementMap":{"0":{"start":{"line":1,"column":17},"end":{"line":1,"column":36}},"1":{"start":{"line":2,"column":11},"end":{"line":2,"column":24}},"2":{"start":{"line":3,"column":19},"end":{"line":3,"column":44}},"3":{"start":{"line":4,"column":13},"end":{"line":4,"column":28}},"4":{"start":{"line":5,"column":15},"end":{"line":5,"column":38}},"5":{"start":{"line":7,"column":14},"end":{"line":7,"column":37}},"6":{"start":{"line":8,"column":19},"end":{"line":8,"column":47}},"7":{"start":{"line":10,"column":25},"end":{"line":13,"column":1}},"8":{"start":{"line":11,"column":2},"end":{"line":11,"column":21}},"9":{"start":{"line":12,"column":2},"end":{"line":12,"column":20}},"10":{"start":{"line":15,"column":0},"end":{"line":46,"column":2}},"11":{"start":{"line":16,"column":16},"end":{"line":16,"column":67}},"12":{"start":{"line":17,"column":16},"end":{"line":17,"column":66}},"13":{"start":{"line":19,"column":2},"end":{"line":45,"column":9}},"14":{"start":{"line":26,"column":8},"end":{"line":32,"column":9}},"15":{"start":{"line":27,"column":10},"end":{"line":27,"column":69}},"16":{"start":{"line":28,"column":10},"end":{"line":28,"column":17}},"17":{"start":{"line":29,"column":15},"end":{"line":32,"column":9}},"18":{"start":{"line":30,"column":10},"end":{"line":30,"column":42}},"19":{"start":{"line":31,"column":10},"end":{"line":31,"column":17}},"20":{"start":{"line":34,"column":8},"end":{"line":44,"column":11}},"21":{"start":{"line":48,"column":0},"end":{"line":88,"column":2}},"22":{"start":{"line":49,"column":2},"end":{"line":87,"column":3}},"23":{"start":{"line":52,"column":16},"end":{"line":52,"column":79}},"24":{"start":{"line":53,"column":4},"end":{"line":84,"column":5}},"25":{"start":{"line":54,"column":6},"end":{"line":80,"column":9}},"26":{"start":{"line":55,"column":8},"end":{"line":57,"column":9}},"27":{"start":{"line":56,"column":10},"end":{"line":56,"column":44}},"28":{"start":{"line":58,"column":8},"end":{"line":79,"column":11}},"29":{"start":{"line":71,"column":10},"end":{"line":78,"column":11}},"30":{"start":{"line":74,"column":12},"end":{"line":74,"column":44}},"31":{"start":{"line":76,"column":12},"end":{"line":76,"column":46}},"32":{"start":{"line":77,"column":12},"end":{"line":77,"column":45}},"33":{"start":{"line":82,"column":6},"end":{"line":82,"column":75}},"34":{"start":{"line":83,"column":6},"end":{"line":83,"column":47}},"35":{"start":{"line":86,"column":4},"end":{"line":86,"column":78}},"36":{"start":{"line":91,"column":0},"end":{"line":178,"column":2}},"37":{"start":{"line":92,"column":2},"end":{"line":177,"column":3}},"38":{"start":{"line":93,"column":4},"end":{"line":174,"column":7}},"39":{"start":{"line":94,"column":6},"end":{"line":100,"column":7}},"40":{"start":{"line":95,"column":8},"end":{"line":95,"column":69}},"41":{"start":{"line":96,"column":8},"end":{"line":96,"column":15}},"42":{"start":{"line":97,"column":13},"end":{"line":100,"column":7}},"43":{"start":{"line":98,"column":8},"end":{"line":98,"column":40}},"44":{"start":{"line":99,"column":8},"end":{"line":99,"column":15}},"45":{"start":{"line":102,"column":19},"end":{"line":102,"column":60}},"46":{"start":{"line":103,"column":19},"end":{"line":103,"column":60}},"47":{"start":{"line":104,"column":24},"end":{"line":104,"column":42}},"48":{"start":{"line":105,"column":24},"end":{"line":105,"column":42}},"49":{"start":{"line":107,"column":6},"end":{"line":173,"column":7}},"50":{"start":{"line":108,"column":20},"end":{"line":108,"column":65}},"51":{"start":{"line":109,"column":8},"end":{"line":172,"column":9}},"52":{"start":{"line":110,"column":10},"end":{"line":167,"column":13}},"53":{"start":{"line":111,"column":12},"end":{"line":113,"column":13}},"54":{"start":{"line":112,"column":14},"end":{"line":112,"column":48}},"55":{"start":{"line":117,"column":29},"end":{"line":117,"column":84}},"56":{"start":{"line":118,"column":27},"end":{"line":118,"column":72}},"57":{"start":{"line":119,"column":12},"end":{"line":151,"column":15}},"58":{"start":{"line":120,"column":14},"end":{"line":123,"column":15}},"59":{"start":{"line":121,"column":16},"end":{"line":121,"column":62}},"60":{"start":{"line":122,"column":16},"end":{"line":122,"column":32}},"61":{"start":{"line":125,"column":14},"end":{"line":150,"column":17}},"62":{"start":{"line":127,"column":33},"end":{"line":127,"column":58}},"63":{"start":{"line":128,"column":31},"end":{"line":128,"column":54}},"64":{"start":{"line":130,"column":16},"end":{"line":149,"column":19}},"65":{"start":{"line":131,"column":18},"end":{"line":134,"column":19}},"66":{"start":{"line":132,"column":20},"end":{"line":132,"column":56}},"67":{"start":{"line":133,"column":20},"end":{"line":133,"column":27}},"68":{"start":{"line":136,"column":18},"end":{"line":140,"column":19}},"69":{"start":{"line":137,"column":20},"end":{"line":137,"column":63}},"70":{"start":{"line":138,"column":25},"end":{"line":140,"column":19}},"71":{"start":{"line":139,"column":20},"end":{"line":139,"column":68}},"72":{"start":{"line":142,"column":18},"end":{"line":148,"column":21}},"73":{"start":{"line":143,"column":20},"end":{"line":147,"column":21}},"74":{"start":{"line":144,"column":22},"end":{"line":144,"column":57}},"75":{"start":{"line":146,"column":22},"end":{"line":146,"column":84}},"76":{"start":{"line":154,"column":12},"end":{"line":159,"column":15}},"77":{"start":{"line":155,"column":14},"end":{"line":157,"column":15}},"78":{"start":{"line":156,"column":16},"end":{"line":156,"column":50}},"79":{"start":{"line":158,"column":14},"end":{"line":158,"column":53}},"80":{"start":{"line":161,"column":12},"end":{"line":166,"column":15}},"81":{"start":{"line":162,"column":14},"end":{"line":164,"column":15}},"82":{"start":{"line":163,"column":16},"end":{"line":163,"column":48}},"83":{"start":{"line":165,"column":14},"end":{"line":165,"column":47}},"84":{"start":{"line":170,"column":10},"end":{"line":170,"column":79}},"85":{"start":{"line":171,"column":10},"end":{"line":171,"column":51}},"86":{"start":{"line":176,"column":4},"end":{"line":176,"column":71}},"87":{"start":{"line":180,"column":0},"end":{"line":208,"column":2}},"88":{"start":{"line":181,"column":2},"end":{"line":207,"column":3}},"89":{"start":{"line":182,"column":4},"end":{"line":196,"column":7}},"90":{"start":{"line":183,"column":6},"end":{"line":195,"column":7}},"91":{"start":{"line":184,"column":20},"end":{"line":184,"column":75}},"92":{"start":{"line":189,"column":8},"end":{"line":194,"column":11}},"93":{"start":{"line":190,"column":10},"end":{"line":192,"column":11}},"94":{"start":{"line":191,"column":12},"end":{"line":191,"column":66}},"95":{"start":{"line":193,"column":10},"end":{"line":193,"column":44}},"96":{"start":{"line":198,"column":4},"end":{"line":204,"column":7}},"97":{"start":{"line":199,"column":6},"end":{"line":202,"column":7}},"98":{"start":{"line":200,"column":8},"end":{"line":200,"column":40}},"99":{"start":{"line":201,"column":8},"end":{"line":201,"column":15}},"100":{"start":{"line":203,"column":6},"end":{"line":203,"column":39}},"101":{"start":{"line":206,"column":4},"end":{"line":206,"column":71}},"102":{"start":{"line":210,"column":0},"end":{"line":241,"column":2}},"103":{"start":{"line":211,"column":16},"end":{"line":211,"column":67}},"104":{"start":{"line":212,"column":16},"end":{"line":212,"column":66}},"105":{"start":{"line":214,"column":2},"end":{"line":240,"column":9}},"106":{"start":{"line":221,"column":8},"end":{"line":227,"column":9}},"107":{"start":{"line":222,"column":10},"end":{"li
[...]
d":{"line":368,"column":3}},{"start":{"line":275,"column":2},"end":{"line":368,"column":3}}],"line":275},"41":{"loc":{"start":{"line":275,"column":6},"end":{"line":275,"column":38}},"type":"binary-expr","locations":[{"start":{"line":275,"column":6},"end":{"line":275,"column":16}},{"start":{"line":275,"column":20},"end":{"line":275,"column":38}}],"line":275},"42":{"loc":{"start":{"line":279,"column":6},"end":{"line":285,"column":7}},"type":"if","locations":[{"start":{"line":279,"column":6},"end":{"line":285,"column":7}},{"start":{"line":279,"column":6},"end":{"line":285,"column":7}}],"line":279},"43":{"loc":{"start":{"line":282,"column":13},"end":{"line":285,"column":7}},"type":"if","locations":[{"start":{"line":282,"column":13},"end":{"line":285,"column":7}},{"start":{"line":282,"column":13},"end":{"line":285,"column":7}}],"line":282},"44":{"loc":{"start":{"line":287,"column":23},"end":{"line":287,"column":76}},"type":"cond-expr","locations":[{"start":{"line":287,"column":43},"end":{"line":287,"column":60}},{"start":{"line":287,"column":63},"end":{"line":287,"column":76}}],"line":287},"45":{"loc":{"start":{"line":288,"column":25},"end":{"line":288,"column":88}},"type":"cond-expr","locations":[{"start":{"line":288,"column":49},"end":{"line":288,"column":70}},{"start":{"line":288,"column":73},"end":{"line":288,"column":88}}],"line":288},"46":{"loc":{"start":{"line":292,"column":6},"end":{"line":364,"column":7}},"type":"if","locations":[{"start":{"line":292,"column":6},"end":{"line":364,"column":7}},{"start":{"line":292,"column":6},"end":{"line":364,"column":7}}],"line":292},"47":{"loc":{"start":{"line":292,"column":10},"end":{"line":292,"column":42}},"type":"binary-expr","locations":[{"start":{"line":292,"column":10},"end":{"line":292,"column":23}},{"start":{"line":292,"column":27},"end":{"line":292,"column":42}}],"line":292},"48":{"loc":{"start":{"line":296,"column":10},"end":{"line":302,"column":11}},"type":"if","locations":[{"start":{"line":296,"column":10},"end":{"line":302,"column":11}},{"start":{"line":296,"column":10},"end":{"line":302,"column":11}}],"line":296},"49":{"loc":{"start":{"line":299,"column":17},"end":{"line":302,"column":11}},"type":"if","locations":[{"start":{"line":299,"column":17},"end":{"line":302,"column":11}},{"start":{"line":299,"column":17},"end":{"line":302,"column":11}}],"line":299},"50":{"loc":{"start":{"line":305,"column":10},"end":{"line":360,"column":11}},"type":"if","locations":[{"start":{"line":305,"column":10},"end":{"line":360,"column":11}},{"start":{"line":305,"column":10},"end":{"line":360,"column":11}}],"line":305},"51":{"loc":{"start":{"line":307,"column":14},"end":{"line":313,"column":15}},"type":"if","locations":[{"start":{"line":307,"column":14},"end":{"line":313,"column":15}},{"start":{"line":307,"column":14},"end":{"line":313,"column":15}}],"line":307},"52":{"loc":{"start":{"line":310,"column":21},"end":{"line":313,"column":15}},"type":"if","locations":[{"start":{"line":310,"column":21},"end":{"line":313,"column":15}},{"start":{"line":310,"column":21},"end":{"line":313,"column":15}}],"line":310},"53":{"loc":{"start":{"line":315,"column":14},"end":{"line":335,"column":15}},"type":"if","locations":[{"start":{"line":315,"column":14},"end":{"line":335,"column":15}},{"start":{"line":315,"column":14},"end":{"line":335,"column":15}}],"line":315},"54":{"loc":{"start":{"line":315,"column":18},"end":{"line":315,"column":42}},"type":"binary-expr","locations":[{"start":{"line":315,"column":18},"end":{"line":315,"column":29}},{"start":{"line":315,"column":33},"end":{"line":315,"column":42}}],"line":315},"55":{"loc":{"start":{"line":320,"column":18},"end":{"line":331,"column":19}},"type":"if","locations":[{"start":{"line":320,"column":18},"end":{"line":331,"column":19}},{"start":{"line":320,"column":18},"end":{"line":331,"column":19}}],"line":320},"56":{"loc":{"start":{"line":325,"column":22},"end":{"line":329,"column":23}},"type":"if","locations":[{"start":{"line":325,"column":22},"end":{"line":329,"column":23}},{"start":{"line":325,"column":22},"end":{"line":329,"column":23}}],"line":325},"57":{"loc":{"start":{"line":339,"column":12},"end":{"line":359,"column":13}},"type":"if","locations":[{"start":{"line":339,"column":12},"end":{"line":359,"column":13}},{"start":{"line":339,"column":12},"end":{"line":359,"column":13}}],"line":339},"58":{"loc":{"start":{"line":339,"column":16},"end":{"line":339,"column":40}},"type":"binary-expr","locations":[{"start":{"line":339,"column":16},"end":{"line":339,"column":27}},{"start":{"line":339,"column":31},"end":{"line":339,"column":40}}],"line":339},"59":{"loc":{"start":{"line":344,"column":16},"end":{"line":355,"column":17}},"type":"if","locations":[{"start":{"line":344,"column":16},"end":{"line":355,"column":17}},{"start":{"line":344,"column":16},"end":{"line":355,"column":17}}],"line":344},"60":{"loc":{"start":{"line":349,"column":20},"end":{"line":353,"column":21}},"type":"if","locations":[{"start":{"line":349,"column":20},"end":{"line":353,"column":21}},{"start":{"line":349,"column":20},"end":{"line":353,"column":21}}],"line":349},"61":{"loc":{"start":{"line":372,"column":2},"end":{"line":417,"column":3}},"type":"if","locations":[{"start":{"line":372,"column":2},"end":{"line":417,"column":3}},{"start":{"line":372,"column":2},"end":{"line":417,"column":3}}],"line":372},"62":{"loc":{"start":{"line":372,"column":6},"end":{"line":372,"column":38}},"type":"binary-expr","locations":[{"start":{"line":372,"column":6},"end":{"line":372,"column":16}},{"start":{"line":372,"column":20},"end":{"line":372,"column":38}}],"line":372},"63":{"loc":{"start":{"line":376,"column":6},"end":{"line":382,"column":7}},"type":"if","locations":[{"start":{"line":376,"column":6},"end":{"line":382,"column":7}},{"start":{"line":376,"column":6},"end":{"line":382,"column":7}}],"line":376},"64":{"loc":{"start":{"line":379,"column":13},"end":{"line":382,"column":7}},"type":"if","locations":[{"start":{"line":379,"column":13},"end":{"line":382,"column":7}},{"start":{"line":379,"column":13},"end":{"line":382,"column":7}}],"line":379},"65":{"loc":{"start":{"line":385,"column":8},"end":{"line":391,"column":9}},"type":"if","locations":[{"start":{"line":385,"column":8},"end":{"line":391,"column":9}},{"start":{"line":385,"column":8},"end":{"line":391,"column":9}}],"line":385},"66":{"loc":{"start":{"line":388,"column":15},"end":{"line":391,"column":9}},"type":"if","locations":[{"start":{"line":388,"column":15},"end":{"line":391,"column":9}},{"start":{"line":388,"column":15},"end":{"line":391,"column":9}}],"line":388},"67":{"loc":{"start":{"line":397,"column":10},"end":{"line":400,"column":11}},"type":"if","locations":[{"start":{"line":397,"column":10},"end":{"line":400,"column":11}},{"start":{"line":397,"column":10},"end":{"line":400,"column":11}}],"line":397},"68":{"loc":{"start":{"line":404,"column":12},"end":{"line":406,"column":13}},"type":"if","locations":[{"start":{"line":404,"column":12},"end":{"line":406,"column":13}},{"start":{"line":404,"column":12},"end":{"line":406,"column":13}}],"line":404}},"s":{"0":1,"1":1,"2":1,"3":1,"4":1,"5":1,"6":1,"7":1,"8":0,"9":0,"10":1,"11":0,"12":0,"13":0,"14":0,"15":0,"16":0,"17":0,"18":0,"19":0,"20":0,"21":1,"22":0,"23":0,"24":0,"25":0,"26":0,"27":0,"28":0,"29":0,"30":0,"31":0,"32":0,"33":0,"34":0,"35":0,"36":1,"37":0,"38":0,"39":0,"40":0,"41":0,"42":0,"43":0,"44":0,"45":0,"46":0,"47":0,"48":0,"49":0,"50":0,"51":0,"52":0,"53":0,"54":0,"55":0,"56":0,"57":0,"58":0,"59":0,"60":0,"61":0,"62":0,"63":0,"64":0,"65":0,"66":0,"67":0,"68":0,"69":0,"70":0,"71":0,"72":0,"73":0,"74":0,"75":0,"76":0,"77":0,"78":0,"79":0,"80":0,"81":0,"82":0,"83":0,"84":0,"85":0,"86":0,"87":1,"88":0,"89":0,"90":0,"91":0,"92":0,"93":0,"94":0,"95":0,"96":0,"97":0,"98":0,"99":0,"100":0,"101":0,"102":1,"103":0,"104":0,"105":0,"106":0,"107":0,"108":0,"109":0,"110":0,"111":0,"112":0,"113":1,"114":0,"115":0,"116":0,"117":0,"118":0,"119":0,"120":1,"121":0,"122":0,"123":0,"124":0,"125":0,"126":0,"127":0,"128":0,"129":0,"130":0,"131":0,"132":0,"133":0,"134":0,"135":0,"136":0,"137":0,"138":0,"139":0,"140":0,"141":0,"142":0,"143":0,"144":0,"145":0,"146":0,"147":0,"148":0,"149":0,"150":0,"151":0,"152":0,"153":0,"154":0,"155":0,"156":0,"157":0,"158":0,"159":0,"160":0,"161":0,"162":0,"163":0,"164":0,"165":0,"166":0,"167":0,"168":0,"169":0,"170":0,"171":0,"172":0,"173":0,"174":0,"175":0,"176":0,"177":0,"178":0,"179":0,"180":1,"181":0,"182":0,"183":0,"184":0,"185":0,"186":0,"187":0,"188":0,"189":0,"190":0,"191":0,"192":0,"193":0,"194":0,"195":0,"196":0,"197":0,"198":0,"199":0,"200":0,"201":0,"202":0,"203":0,"204":0,"205":0,"206":0,"207":0,"208":0},"f":{"0":0,"1":0,"2":0,"3":0,"4":0,"5":0,"6":0,"7":0,"8":0,"9":0,"10":0,"11":0,"12":0,"13":0,"14":0,"15":0,"16":0,"17":0,"18":0,"19":0,"20":0,"21":0,"22":0,"23":0,"24":0,"25":0,"26":0,"27":0,"28":0,"29":0,"30":0,"31":0,"32":0,"33":0,"34":0,"35":0},"b":{"0":[0,0],"1":[0,0],"2":[0,0],"3":[0,0],"4":[0,0],"5":[0,0],"6":[0,0,0],"7":[0,0],"8":[0,0],"9":[0,0],"10":[0,0],"11":[0,0],"12":[0,0],"13":[0,0],"14":[0,0],"15":[0,0],"16":[0,0],"17":[0,0],"18":[0,0],"19":[0,0],"20":[0,0],"21":[0,0],"22":[0,0],"23":[0,0],"24":[0,0],"25":[0,0],"26":[0,0],"27":[0,0],"28":[0,0],"29":[0,0],"30":[0,0],"31":[0,0],"32":[0,0],"33":[0,0],"34":[0,0],"35":[0,0],"36":[0,0],"37":[0,0],"38":[0,0],"39":[0,0],"40":[0,0],"41":[0,0],"42":[0,0],"43":[0,0],"44":[0,0],"45":[0,0],"46":[0,0],"47":[0,0],"48":[0,0],"49":[0,0],"50":[0,0],"51":[0,0],"52":[0,0],"53":[0,0],"54":[0,0],"55":[0,0],"56":[0,0],"57":[0,0],"58":[0,0],"59":[0,0],"60":[0,0],"61":[0,0],"62":[0,0],"63":[0,0],"64":[0,0],"65":[0,0],"66":[0,0],"67":[0,0],"68":[0,0]},"_coverageSchema":"1a1c01bbd47fc00a2c39e90264f33305004495a9","hash":"35f4d9da4bcee9542e4011764cbb26a37f656520","contentHash":"721d048201b589fe19969051f7fd3d43154147449178a173e6c7f2a8321fb5db"},"/mnt/a/workspace/workspace-2021-2022/ideas/learnwithme.com/api/app_api/utils/index.js":{"path":"/mnt/a/workspace/workspace-2021-2022/ideas/learnwithme.com/api/app_api/utils/index.js","statementMap":{"0":{"start":{"line":1,"column":19},"end":{"line":1,"column":41}},"1":{"start":{"line":3,"column":0},"end":{"line":5,"column":2}}},"fnMap":{},"branchMap":{},"s":{"0":1,"1":1},"f":{},"b":{},"_coverageSchema":"1a1c01bbd47fc00a2c39e90264f33305004495a9","hash":"7dac70fc4e6da7d7cb89bfb383ffcfd4e2f08c43","contentHash":"fbfb1b1b5e8b0301ab90aaa2bb7c8867f4f43adb5390514f99b01483f341e9a2"},"/mnt/a/workspace/workspace-2021-2022/ideas/learnwithme.com/api/app_api/utils/lib/media.js":{"path":"/mnt/a/workspace/workspace-2021-2022/ideas/learnwithme.com/api/app_api/utils/lib/media.js","statementMap":{"0":{"start":{"line":1,"column":16},"end":{"line":1,"column":25}},"1":{"start":{"line":3,"column":0},"end":{"line":9,"column":2}},"2":{"start":{"line":7,"column":4},"end":{"line":7,"column":26}}},"fnMap":{"0":{"name":"(anonymous_0)","decl":{"start":{"line":4,"column":25},"end":{"line":4,"column":26}},"loc":{"start":{"line":4,"column":40},"end":{"line":8,"column":3}},"line":4}},"branchMap":{},"s":{"0":1,"1":1,"2":0},"f":{"0":0},"b":{},"_coverageSchema":"1a1c01bbd47fc00a2c39e90264f33305004495a9","hash":"14bc9440ea5e8524ca92ed2c7dc6774d916af9f7","contentHash":"48c245ec0f280817c5b60bc01ca34bcd85b2b649947ae20aa9d7963c4cd09b53"},"/mnt/a/workspace/workspace-2021-2022/ideas/learnwithme.com/api/app_api/graphQL/schema.js":{"path":"/mnt/a/workspace/workspace-2021-2022/ideas/learnwithme.com/api/app_api/graphQL/schema.js","statementMap":{"0":{"start":{"line":1,"column":16},"end":{"line":1,"column":34}},"1":{"start":{"line":2,"column":17},"end":{"line":2,"column":36}},"2":{"start":{"line":3,"column":13},"end":{"line":3,"column":35}},"3":{"start":{"line":4,"column":15},"end":{"line":4,"column":39}},"4":{"start":{"line":5,"column":21},"end":{"line":5,"column":56}},"5":{"start":{"line":6,"column":19},"end":{"line":6,"column":52}},"6":{"start":{"line":14,"column":20},"end":{"line":14,"column":27}},"7":{"start":{"line":16,"column":18},"end":{"line":22,"column":2}},"8":{"start":{"line":24,"column":17},"end":{"line":29,"column":2}},"9":{"start":{"line":31,"column":0},"end":{"line":34,"column":3}}},"fnMap":{},"branchMap":{},"s":{"0":1,"1":1,"2":1,"3":1,"4":1,"5":1,"6":1,"7":1,"8":1,"9":1},"f":{},"b":{},"_coverageSchema":"1a1c01bbd47fc00a2c39e90264f33305004495a9","hash":"2c537e7ae517c7bb0da1dd877dfaff3693302085","contentHash":"7f7e4b9f92274909c34f7bdd8888bda95267bf6ec718fcf63af0cb94bb314a93"},"/mnt/a/workspace/workspace-2021-2022/ideas/learnwithme.com/api/app_api/graphQL/schemaTypes/MemberType.js":{"path":"/mnt/a/workspace/workspace-2021-2022/ideas/learnwithme.com/api/app_api/graphQL/schemaTypes/MemberType.js","statementMap":{"0":{"start":{"line":1,"column":16},"end":{"line":1,"column":34}},"1":{"start":{"line":2,"column":17},"end":{"line":2,"column":36}},"2":{"start":{"line":3,"column":15},"end":{"line":3,"column":39}},"3":{"start":{"line":4,"column":17},"end":{"line":4,"column":36}},"4":{"start":{"line":11,"column":20},"end":{"line":11,"column":27}},"5":{"start":{"line":13,"column":19},"end":{"line":31,"column":2}},"6":{"start":{"line":15,"column":18},"end":{"line":30,"column":5}},"7":{"start":{"line":33,"column":22},"end":{"line":59,"column":1}},"8":{"start":{"line":42,"column":12},"end":{"line":42,"column":43}},"9":{"start":{"line":56,"column":12},"end":{"line":56,"column":87}},"10":{"start":{"line":61,"column":24},"end":{"line":85,"column":1}},"11":{"start":{"line":78,"column":25},"end":{"line":81,"column":14}},"12":{"start":{"line":82,"column":12},"end":{"line":82,"column":32}},"13":{"start":{"line":87,"column":0},"end":{"line":91,"column":2}}},"fnMap":{"0":{"name":"(anonymous_0)","decl":{"start":{"line":15,"column":11},"end":{"line":15,"column":12}},"loc":{"start":{"line":15,"column":18},"end":{"line":30,"column":5}},"line":15},"1":{"name":"(anonymous_1)","decl":{"start":{"line":41,"column":8},"end":{"line":41,"column":9}},"loc":{"start":{"line":41,"column":29},"end":{"line":43,"column":9}},"line":41},"2":{"name":"(anonymous_2)","decl":{"start":{"line":55,"column":8},"end":{"line":55,"column":9}},"loc":{"start":{"line":55,"column":30},"end":{"line":57,"column":9}},"line":55},"3":{"name":"(anonymous_3)","decl":{"start":{"line":77,"column":8},"end":{"line":77,"column":9}},"loc":{"start":{"line":77,"column":28},"end":{"line":83,"column":9}},"line":77}},"branchMap":{},"s":{"0":1,"1":1,"2":1,"3":1,"4":1,"5":1,"6":1,"7":1,"8":0,"9":0,"10":1,"11":0,"12":0,"13":1},"f":{"0":1,"1":0,"2":0,"3":0},"b":{},"_coverageSchema":"1a1c01bbd47fc00a2c39e90264f33305004495a9","hash":"6af4efadfaf8a729b7febca3550ff3f2eacfe4cb","contentHash":"71c3d78d4817d0e0f7b34592bb2aa98be6ba066886b3bc5c4d7c24bd7a667aa6"},"/mnt/a/workspace/workspace-2021-2022/ideas/learnwithme.com/api/app_api/graphQL/schemaTypes/PostType.js":{"path":"/mnt/a/workspace/workspace-2021-2022/ideas/learnwithme.com/api/app_api/graphQL/schemaTypes/PostType.js","statementMap":{"0":{"start":{"line":1,"column":16},"end":{"line":1,"column":34}},"1":{"start":{"line":2,"column":17},"end":{"line":2,"column":38}},"2":{"start":{"line":3,"column":20},"end":{"line":3,"column":44}},"3":{"start":{"line":4,"column":19},"end":{"line":4,"column":42}},"4":{"start":{"line":5,"column":17},"end":{"line":5,"column":36}},"5":{"start":{"line":6,"column":13},"end":{"line":6,"column":35}},"6":{"start":{"line":14,"column":17},"end":{"line":14,"column":24}},"7":{"start":{"line":16,"column":17},"end":{"line":33,"column":2}},"8":{"start":{"line":18,"column":17},"end":{"line":32,"column":3}},"9":{"start":{"line":35,"column":20},"end":{"line":63,"column":1}},"10":{"start":{"line":44,"column":19},"end":{"line":44,"column":41}},"11":{"start":{"line":45,"column":6},"end":{"line":45,"column":18}},"12":{"start":{"line":59,"column":19},"end":{"line":59,"column":85}},"13":{"start":{"line":60,"column":6},"end":{"line":60,"column":18}},"14":{"start":{"line":65,"column":0},"end":{"line":68,"column":2}}},"fnMap":{"0":{"name":"(anonymous_0)","decl":{"start":{"line":18,"column":10},"end":{"line":18,"column":11}},"loc":{"start":{"line":18,"column":17},"end":{"line":32,"column":3}},"line":18},"1":{"name":"(anonymous_1)","decl":{"start":{"line":43,"column":4},"end":{"line":43,"column":5}},"loc":{"start":{"line":43,"column":26},"end":{"line":46,"column":5}},"line":43},"2":{"name":"(anonymous_2)","decl":{"start":{"line":58,"column":4},"end":{"line":58,"column":5}},"loc":{"start":{"line":58,"column":26},"end":{"line":61,"column":5}},"line":58}},"branchMap":{},"s":{"0":1,"1":1,"2":1,"3":1,"4":1,"5":1,"6":1,"7":1,"8":1,"9":1,"10":0,"11":0,"12":0,"13":0,"14":1},"f":{"0":1,"1":0,"2":0},"b":{},"_coverageSchema":"1a1c01bbd47fc00a2c39e90264f33305004495a9","hash":"c9b18cbcf6081fabd7b7e40008f2151a1da39afb","contentHash":"125b50d2d0d973f794842d8556e1f8ab274be9c96c47fecaea90f84b31d445bb"},"/mnt/a/workspace/workspace-2021-2022/ideas/learnwithme.com/api/app_api/graphQL/schemaTypes/LikeType.js":{"path":"/mnt/a/workspace/workspace-2021-2022/ideas/learnwithme.com/api/app_api/graphQL/schemaTypes/LikeType.js","statementMap":{"0":{"start":{"line":1,"column":16},"end":{"line":1,"column":34}},"1":{"start":{"line":6,"column":15},"end":{"line":6,"column":22}},"2":{"start":{"line":8,"column":17},"end":{"line":15,"column":2}},"3":{"start":{"line":10,"column":17},"end":{"line":14,"column":3}},"4":{"start":{"line":17,"column":0},"end":{"line":17,"column":26}}},"fnMap":{"0":{"name":"(anonymous_0)","decl":{"start":{"line":10,"column":10},"end":{"line":10,"column":11}},"loc":{"start":{"line":10,"column":17},"end":{"line":14,"column":3}},"line":10}},"branchMap":{},"s":{"0":1,"1":1,"2":1,"3":1,"4":1},"f":{"0":1},"b":{},"_coverageSchema":"1a1c01bbd47fc00a2c39e90264f33305004495a9","hash":"f94b285e8be55789ddb4b7b5c1ee5e5350b8f69d","contentHash":"a5d398a1787f3063949ccfb39e52f38385cb8a7736eed5fdd4439ebf5bcfe450"},"/mnt/a/workspace/workspace-2021-2022/ideas/learnwithme.com/api/app_api/graphQL/schemaTypes/CommentType.js":{"path":"/mnt/a/workspace/workspace-2021-2022/ideas/learnwithme.com/api/app_api/graphQL/schemaTypes/CommentType.js","statementMap":{"0":{"start":{"line":1,"column":16},"end":{"line":1,"column":34}},"1":{"start":{"line":2,"column":17},"end":{"line":2,"column":38}},"2":{"start":{"line":9,"column":17},"end":{"line":9,"column":24}},"3":{"start":{"line":11,"column":20},"end":{"line":21,"column":2}},"4":{"start":{"line":13,"column":17},"end":{"line":20,"column":3}},"5":{"start":{"line":23,"column":0},"end":{"line":23,"column":29}}},"fnMap":{"0":{"name":"(anonymous_0)","decl":{"start":{"line":13,"column":10},"end":{"line":13,"column":11}},"loc":{"start":{"line":13,"column":17},"end":{"line":20,"column":3}},"line":13}},"branchMap":{},"s":{"0":1,"1":1,"2":1,"3":1,"4":1,"5":1},"f":{"0":1},"b":{},"_coverageSchema":"1a1c01bbd47fc00a2c39e90264f33305004495a9","hash":"e555230669e4cb7fb00576d29bbdf0044f1cafe6","contentHash":"c5dd1b3c51ddd420ba14ce14819a3da67a34cd7af4bc1b4460c936ae61584d52"},"/mnt/a/workspace/workspace-2021-2022/ideas/learnwithme.com/api/app_api/graphQL/schemaTypes/ReviewType.js":{"path":"/mnt/a/workspace/workspace-2021-2022/ideas/learnwithme.com/api/app_api/graphQL/schemaTypes/ReviewType.js","statementMap":{"0":{"start":{"line":1,"column":16},"end":{"line":1,"column":34}},"1":{"start":{"line":2,"column":17},"end":{"line":2,"column":38}},"2":{"start":{"line":9,"column":17},"end":{"line":9,"column":24}},"3":{"start":{"line":11,"column":19},"end":{"line":22,"column":2}},"4":{"start":{"line":13,"column":17},"end":{"line":21,"column":3}},"5":{"start":{"line":24,"column":0},"end":{"line":24,"column":28}}},"fnMap":{"0":{"name":"(anonymous_0)","decl":{"start":{"line":13,"column":10},"end":{"line":13,"column":11}},"loc":{"start":{"line":13,"column":17},"end":{"line":21,"column":3}},"line":13}},"branchMap":{},"s":{"0":1,"1":1,"2":1,"3":1,"4":1,"5":1},"f":{"0":1},"b":{},"_coverageSchema":"1a1c01bbd47fc00a2c39e90264f33305004495a9","hash":"eb7104e3d6ec7acdaa0549be0ea3191832da412b","contentHash":"e2b52213d84c6fcbb9355cf2753d9b8cd65c9b82948afad7a1e63596d413f9f3"}}